{"level":"error","message":"[POST /api/visiteurs/inscription] BadRequestError: 400 - Login et mot de passe sont requis","timestamp":"2026-03-27 17:18:53"}
{"level":"error","message":"[POST /api/visiteurs/inscription] BadRequestError: 400 - Login et mot de passe sont requis","timestamp":"2026-03-27 17:27:30"}
{"level":"error","message":"[POST /api/visiteurs/inscription] BadRequestError: 400 - Login et mot de passe sont requis","timestamp":"2026-03-27 17:35:30"}
{"level":"error","message":"Erreur Serveur : [POST /api/visiteurs/inscription] 500 - \nInvalid `prisma.visiteur.create()` invocation in\n/app/src/services/visiteur.ts:32:28\n\n  29 // Hasher le mot de passe avant de le stocker\n  30 const hashedPassword = await hashPassword(data.mdp);\n  31 \n→ 32 return prisma.visiteur.create(\nThe table `Visiteur` does not exist in the current database.","timestamp":"2026-03-27 17:37:54"}
{"level":"error","message":"Erreur Serveur : [POST /api/visiteurs/inscription] 500 - \nInvalid `prisma.visiteur.create()` invocation in\n/app/src/services/visiteur.ts:32:28\n\n  29 // Hasher le mot de passe avant de le stocker\n  30 const hashedPassword = await hashPassword(data.mdp);\n  31 \n→ 32 return prisma.visiteur.create(\nThe table `Visiteur` does not exist in the current database.","timestamp":"2026-03-27 17:39:32"}
{"level":"info","message":"Nouveau visiteur inscrit","timestamp":"2026-03-27 18:03:09"}
{"level":"error","message":"[DELETE /api/visiteurs/account/28] UnauthorizedError: 401 - Token d'authentification manquant","timestamp":"2026-03-27 21:22:46"}
{"level":"error","message":"[POST /api/visiteurs/login] UnauthorizedError: 401 - Mot de passe incorrect","timestamp":"2026-03-27 21:26:47"}
{"level":"info","message":"Nouveau visiteur inscrit","timestamp":"2026-03-27 21:31:59"}
{"level":"info","message":"Visiteur jdupont connecté","timestamp":"2026-03-27 21:32:54"}
{"level":"error","message":"[POST /api/visiteurs/login] UnauthorizedError: 401 - Login ou mot de passe incorrect","timestamp":"2026-03-27 21:38:58"}
{"level":"info","message":"Nouveau visiteur inscrit","timestamp":"2026-03-27 21:43:02"}
{"level":"info","message":"Visiteur jdupont connecté","timestamp":"2026-03-27 21:44:39"}
{"level":"error","message":"[GET /api/familles] UnauthorizedError: 401 - Token d'authentification manquant","timestamp":"2026-03-27 21:47:59"}
{"level":"error","message":"[GET /api/familles] UnauthorizedError: 401 - Token d'authentification manquant","timestamp":"2026-03-27 21:51:04"}
{"level":"error","message":"[GET /api/familles] UnauthorizedError: 401 - Token d'authentification manquant","timestamp":"2026-03-27 21:54:14"}
{"level":"info","message":"Nouveau visiteur inscrit","timestamp":"2026-03-27 21:56:19"}
{"level":"info","message":"Visiteur jdupont connecté","timestamp":"2026-03-27 21:58:29"}
{"level":"info","message":"20 familles récupérées","timestamp":"2026-03-27 21:58:50"}
{"level":"info","message":"1000 médecins récupérés","timestamp":"2026-03-27 21:59:02"}
{"level":"info","message":"28 médicaments récupérés","timestamp":"2026-03-27 22:01:52"}
{"level":"info","message":"Nouveau visiteur inscrit","timestamp":"2026-03-27 22:48:08"}
{"level":"info","message":"Visiteur jdupont connecté","timestamp":"2026-03-27 22:48:30"}
{"level":"info","message":"20 familles récupérées","timestamp":"2026-03-27 22:48:52"}
{"level":"info","message":"1000 médecins récupérés","timestamp":"2026-03-27 22:49:23"}
{"level":"info","message":"28 médicaments récupérés","timestamp":"2026-03-27 22:49:56"}
{"level":"info","message":"863 offres récupérées","timestamp":"2026-03-27 22:50:13"}
{"level":"info","message":"1589 rapports récupérés","timestamp":"2026-03-27 22:51:08"}
{"level":"info","message":"Nouveau visiteur inscrit","timestamp":"2026-03-27 22:58:39"}
{"level":"info","message":"Visiteur jdupont connecté","timestamp":"2026-03-27 22:58:55"}
{"level":"info","message":"20 familles récupérées","timestamp":"2026-03-27 23:00:15"}
{"level":"info","message":"1000 médecins récupérés","timestamp":"2026-03-27 23:01:03"}
{"level":"info","message":"28 médicaments récupérés","timestamp":"2026-03-27 23:01:18"}
{"level":"info","message":"863 offres récupérées","timestamp":"2026-03-27 23:01:26"}
{"level":"info","message":"1589 rapports récupérés","timestamp":"2026-03-27 23:01:47"}
{"level":"error","message":"Erreur Serveur : [GET /api/visiteurs] 500 - \nInvalid `prisma.visiteur.findMany()` invocation in\n/app/src/services/visiteur.ts:10:28\n\n   7 \n   8 // getAllVisiteurs : renvoie une liste de tous les visiteurs\n   9 export function getAllVisiteurs() {\n→ 10     return prisma.visiteur.findMany(\nValue out of range for the type: The column `dateEmbauche` contained an invalid datetime value with either day or month set to zero.","timestamp":"2026-03-27 23:02:20"}
{"level":"info","message":"Visiteur aribiA connecté","timestamp":"2026-03-28 01:34:08"}
{"level":"info","message":"Visiteur aribiA connecté","timestamp":"2026-03-28 01:38:34"}
{"level":"info","message":"20 familles récupérées","timestamp":"2026-03-28 01:38:57"}
{"level":"info","message":"Famille AA récupérée","timestamp":"2026-03-28 01:39:18"}
{"level":"info","message":"Famille AA mise à jour","timestamp":"2026-03-28 01:39:41"}
{"level":"error","message":"Erreur Serveur : [DELETE /api/famille/AA] 500 - \nInvalid `prisma.famille.delete()` invocation in\n/app/src/services/famille.ts:39:27\n\n  36 \n  37 // deleteFamilleByID : supprime une famille en fonction de son ID\n  38 export function deleteFamilleByID (id: string): Promise<Famille> {\n→ 39     return prisma.famille.delete(\nForeign key constraint violated on the fields: (`idFamille`)","timestamp":"2026-03-28 01:40:33"}
{"level":"info","message":"Nouvelle famille créée","timestamp":"2026-03-28 01:41:10"}
{"level":"info","message":"1000 médecins récupérés","timestamp":"2026-03-28 01:41:23"}
{"level":"info","message":"Médecin 5 récupéré","timestamp":"2026-03-28 01:41:48"}
{"level":"info","message":"Médecin 5 mis à jour","timestamp":"2026-03-28 01:42:45"}
{"level":"info","message":"Nouveau médecin créé","timestamp":"2026-03-28 01:44:27"}
{"level":"info","message":"28 médicaments récupérés","timestamp":"2026-03-28 01:45:00"}
{"level":"info","message":"Médicament 3MYC7 récupéré","timestamp":"2026-03-28 01:45:26"}
{"level":"info","message":"Médicament 3MYC7 mis à jour","timestamp":"2026-03-28 01:45:53"}
{"level":"info","message":"Médicament 3MYC7 mis à jour","timestamp":"2026-03-28 01:49:04"}
{"level":"info","message":"Médicament 3MYC7 mis à jour","timestamp":"2026-03-28 01:50:18"}
{"level":"info","message":"Médicament AMOPIL7 mis à jour","timestamp":"2026-03-28 01:50:38"}
{"level":"info","message":"Visiteur dandre connecté","timestamp":"2026-03-28 01:52:12"}
{"level":"info","message":"Médicament 3MYC7 mis à jour","timestamp":"2026-03-28 01:52:54"}
{"level":"info","message":"Visiteur cbedos connecté","timestamp":"2026-03-28 01:56:08"}
{"level":"info","message":"Visiteur aribiA connecté","timestamp":"2026-03-28 02:02:30"}
{"level":"info","message":"Visiteur aribiA connecté","timestamp":"2026-03-28 02:16:41"}
{"level":"info","message":"Visiteur dandre connecté","timestamp":"2026-03-28 02:19:09"}
{"level":"info","message":"Visiteur cbedos connecté","timestamp":"2026-03-28 02:26:43"}
{"level":"info","message":"Visiteur ltusseau connecté","timestamp":"2026-03-28 02:27:52"}
{"level":"error","message":"[POST /api/medicament] UnauthorizedError: 401 - Token d'authentification manquant","timestamp":"2026-03-28 02:28:31"}
{"level":"info","message":"Visiteur aribiA connecté","timestamp":"2026-03-28 02:53:52"}
{"level":"info","message":"Nouveau médicament créé","timestamp":"2026-03-28 02:54:36"}
{"level":"error","message":"[GET /api/familles] UnauthorizedError: 401 - Token invalide","timestamp":"2026-03-28 02:58:38"}
{"level":"info","message":"Visiteur dandre connecté","timestamp":"2026-03-28 03:08:17"}
{"level":"info","message":"20 familles récupérées","timestamp":"2026-03-28 03:08:31"}
{"level":"info","message":"863 offres récupérées","timestamp":"2026-03-28 03:13:14"}
{"level":"info","message":"Rapport 5 récupéré","timestamp":"2026-03-28 03:13:38"}
{"level":"info","message":"Rapport 5 mis à jour","timestamp":"2026-03-28 03:14:11"}
{"level":"error","message":"[POST /api/rapport] BadRequestError: 400 - Tous les champs sont requis","timestamp":"2026-03-28 03:15:57"}
{"level":"info","message":"Visiteur aribiA connecté","timestamp":"2026-03-28 03:21:57"}
{"level":"error","message":"[POST /api/rapport] UnauthorizedError: 401 - Token expiré","timestamp":"2026-03-28 03:40:24"}
{"level":"info","message":"Visiteur dandre connecté","timestamp":"2026-03-28 03:42:18"}
{"level":"info","message":"Rapport 5 récupéré","timestamp":"2026-03-28 03:42:57"}
{"level":"info","message":"1589 rapports récupérés","timestamp":"2026-03-28 03:43:04"}
{"level":"info","message":"Rapport 5 mis à jour","timestamp":"2026-03-28 03:44:30"}
{"level":"info","message":"Nouveau rapport créé","timestamp":"2026-03-28 03:45:46"}
{"level":"info","message":"863 offres récupérées","timestamp":"2026-03-28 03:47:53"}
{"level":"error","message":"[POST /api/offrir] BadRequestError: 400 - Les données de l'offre sont requises","timestamp":"2026-03-28 03:48:30"}
{"level":"error","message":"[POST /api/offrir] BadRequestError: 400 - Les données de l'offre sont requises","timestamp":"2026-03-28 03:49:01"}
{"level":"info","message":"Visiteur cbedos connecté","timestamp":"2026-03-28 03:57:50"}
{"level":"error","message":"[POST /api/offrir] BadRequestError: 400 - Les données de l'offre sont requises","timestamp":"2026-03-28 03:59:22"}
{"level":"info","message":"Visiteur ltusseau connecté","timestamp":"2026-03-28 04:11:09"}
{"level":"info","message":"863 offres récupérées","timestamp":"2026-03-28 04:13:17"}
{"level":"info","message":"Nouvelle offre créée","timestamp":"2026-03-28 04:13:47"}
{"level":"info","message":"864 offres récupérées","timestamp":"2026-03-28 04:14:03"}
{"level":"error","message":"Erreur Serveur : [GET /api/offrir/5] 500 - \nInvalid `prisma.offrir.findUnique()` invocation in\n/app/src/services/offrir.ts:12:26\n\n   9 \n  10 // getOffreByID : renvoie une offre en fonction de son ID\n  11 export function getOffreByID (idrapport: number, idmedicament: string): Promise<Offrir | null> {\n→ 12     return prisma.offrir.findUnique({\n           where: {\n             idrapport_idmedicament: {\n               idrapport: NaN,\n         +     idmedicament: String\n             }\n           }\n         })\n\nArgument `idmedicament` is missing.","timestamp":"2026-03-28 04:14:39"}
{"level":"info","message":"Visiteur pbentot connecté","timestamp":"2026-03-28 04:17:34"}
{"level":"info","message":"Offre 5-AMOXIG12 récupérée","timestamp":"2026-03-28 04:19:09"}
{"level":"warn","message":"Tentative d'accès à une offre inexistante : 8-AMOXIG12","timestamp":"2026-03-28 04:19:15"}
{"level":"error","message":"[GET /api/offrir/8/AMOXIG12] NotFoundError: 404 - Offre non trouvée","timestamp":"2026-03-28 04:19:15"}
{"level":"info","message":"Offre 4-CLAZER6 mise à jour","timestamp":"2026-03-28 04:21:12"}
{"level":"info","message":"1590 rapports récupérés","timestamp":"2026-03-28 04:22:13"}
{"level":"info","message":"Rapport 5 récupéré","timestamp":"2026-03-28 04:22:22"}
{"level":"info","message":"Rapport 1 mis à jour","timestamp":"2026-03-28 04:24:18"}
{"level":"info","message":"Nouveau rapport créé","timestamp":"2026-03-28 04:24:58"}
{"level":"info","message":"864 offres récupérées","timestamp":"2026-03-28 04:25:17"}
{"level":"error","message":"Erreur Serveur : [POST /api/offrir] 500 - \nInvalid `prisma.offrir.create()` invocation in\n/app/src/services/offrir.ts:24:26\n\n  21 \n  22 // createOffre : crée une nouvelle offre à partir des données fournies\n  23 export function createOffre (data: CreateOffrirDTO): Promise<Offrir> {\n→ 24     return prisma.offrir.create(\nUnique constraint failed on the constraint: `PRIMARY`","timestamp":"2026-03-28 04:25:42"}
{"level":"info","message":"Offre 3-BACTIG10 supprimée","timestamp":"2026-03-28 04:26:51"}
{"level":"info","message":"Nouvelle offre créée","timestamp":"2026-03-28 04:27:15"}
{"level":"warn","message":"Tentative d'accès à une offre inexistante : 8-AMOXIG12","timestamp":"2026-03-28 04:27:26"}
{"level":"error","message":"[GET /api/offrir/8/AMOXIG12] NotFoundError: 404 - Offre non trouvée","timestamp":"2026-03-28 04:27:26"}
{"level":"info","message":"Offre 4-3MYC7 récupérée","timestamp":"2026-03-28 04:27:49"}
{"level":"info","message":"Offre 4-CLAZER6 mise à jour","timestamp":"2026-03-28 04:28:16"}
{"level":"info","message":"20 familles récupérées","timestamp":"2026-03-28 04:28:35"}
{"level":"info","message":"Famille AA récupérée","timestamp":"2026-03-28 04:28:47"}
{"level":"info","message":"Famille AA mise à jour","timestamp":"2026-03-28 04:28:59"}
{"level":"info","message":"Nouvelle famille créée","timestamp":"2026-03-28 04:29:21"}
{"level":"info","message":"1000 médecins récupérés","timestamp":"2026-03-28 04:31:01"}
{"level":"info","message":"Médecin 12 récupéré","timestamp":"2026-03-28 04:31:54"}
{"level":"error","message":"[PUT /api/medecin/12] UnauthorizedError: 401 - Token expiré","timestamp":"2026-03-28 04:35:44"}
{"level":"info","message":"Visiteur lbioret connecté","timestamp":"2026-03-28 04:36:48"}
{"level":"info","message":"Médecin 12 mis à jour","timestamp":"2026-03-28 04:38:55"}
{"level":"info","message":"Nouveau médecin créé","timestamp":"2026-03-28 04:40:14"}
{"level":"info","message":"28 médicaments récupérés","timestamp":"2026-03-28 04:40:31"}
{"level":"info","message":"Médicament ADIMOL9 récupéré","timestamp":"2026-03-28 04:40:51"}
{"level":"info","message":"Médicament ADIMOL9 mis à jour","timestamp":"2026-03-28 04:42:02"}
{"level":"info","message":"Nouveau médicament créé","timestamp":"2026-03-28 04:42:52"}
{"level":"info","message":"Visiteur 6 récupéré (depuis le token)","timestamp":"2026-03-28 04:48:49"}
{"level":"info","message":"Visiteur 6 récupéré (depuis le token)","timestamp":"2026-03-28 04:49:02"}
{"level":"info","message":"Visiteur 4 récupéré","timestamp":"2026-03-28 04:49:21"}
{"level":"info","message":"27 visiteurs récupérés","timestamp":"2026-03-28 04:49:40"}
{"level":"info","message":"Visiteur fbunisset connecté","timestamp":"2026-03-28 12:03:20"}
{"level":"info","message":"21 familles récupérées","timestamp":"2026-03-28 12:03:48"}
{"level":"info","message":"Famille AA récupérée","timestamp":"2026-03-28 12:04:03"}
{"level":"info","message":"Famille AA mise à jour","timestamp":"2026-03-28 12:04:21"}
{"level":"info","message":"Nouvelle famille créée","timestamp":"2026-03-28 12:16:59"}
{"level":"info","message":"29 médicaments récupérés","timestamp":"2026-03-28 12:17:41"}
{"level":"info","message":"Médicament ADIMOL9 récupéré","timestamp":"2026-03-28 12:17:57"}
{"level":"error","message":"[PUT /api/medicament/ADIMOL9] UnauthorizedError: 401 - Token expiré","timestamp":"2026-03-28 12:18:44"}
{"level":"info","message":"Visiteur aribiA connecté","timestamp":"2026-03-28 12:57:11"}
{"level":"error","message":"[GET /api/familles] UnauthorizedError: 401 - Bad \"options.expiresIn\" option the payload already has an \"exp\" property.","timestamp":"2026-03-28 12:59:01"}
{"level":"info","message":"Visiteur dandre connecté","timestamp":"2026-03-28 13:02:54"}
{"level":"error","message":"[GET /api/familles] UnauthorizedError: 401 - Bad \"options.expiresIn\" option the payload already has an \"exp\" property.","timestamp":"2026-03-28 13:03:14"}
{"level":"info","message":"Visiteur cbedos connecté","timestamp":"2026-03-28 13:10:49"}
{"level":"info","message":"20 familles récupérées","timestamp":"2026-03-28 13:11:06"}
{"level":"warn","message":"Tentative d'accès à une famille inexistante : 1","timestamp":"2026-03-28 13:11:20"}
{"level":"error","message":"[GET /api/famille/1] NotFoundError: 404 - Famille non trouvée","timestamp":"2026-03-28 13:11:20"}
{"level":"info","message":"Famille AA récupérée","timestamp":"2026-03-28 13:11:28"}
{"level":"info","message":"Famille AA mise à jour","timestamp":"2026-03-28 13:11:41"}
{"level":"info","message":"Nouvelle famille créée","timestamp":"2026-03-28 13:14:51"}
{"level":"info","message":"1000 médecins récupérés","timestamp":"2026-03-28 13:15:07"}
{"level":"info","message":"Médecin 954 récupéré","timestamp":"2026-03-28 13:15:24"}
{"level":"info","message":"Médecin 5 mis à jour","timestamp":"2026-03-28 13:16:39"}
{"level":"info","message":"Nouveau médecin créé","timestamp":"2026-03-28 13:17:11"}
{"level":"info","message":"28 médicaments récupérés","timestamp":"2026-03-28 13:17:33"}
{"level":"info","message":"Médicament AMOPIL7 récupéré","timestamp":"2026-03-28 13:17:52"}
{"level":"info","message":"Médicament AMOPIL7 mis à jour","timestamp":"2026-03-28 13:18:34"}
{"level":"info","message":"Nouveau médicament créé","timestamp":"2026-03-28 13:19:05"}
{"level":"info","message":"863 offres récupérées","timestamp":"2026-03-28 13:19:13"}
{"level":"warn","message":"Tentative d'accès à une offre inexistante : 6-963","timestamp":"2026-03-28 13:20:25"}
{"level":"error","message":"[GET /api/offrir/6/963] NotFoundError: 404 - Offre non trouvée","timestamp":"2026-03-28 13:20:25"}
{"level":"warn","message":"Tentative d'accès à une offre inexistante : 4-3","timestamp":"2026-03-28 13:20:51"}
{"level":"error","message":"[GET /api/offrir/4/3] NotFoundError: 404 - Offre non trouvée","timestamp":"2026-03-28 13:20:51"}
{"level":"info","message":"Offre 4-3MYC7 récupérée","timestamp":"2026-03-28 13:20:55"}
{"level":"info","message":"Offre 4-3MYC7 mise à jour","timestamp":"2026-03-28 13:21:18"}
{"level":"info","message":"1589 rapports récupérés","timestamp":"2026-03-28 13:22:23"}
{"level":"info","message":"Rapport 12 récupéré","timestamp":"2026-03-28 13:22:36"}
{"level":"info","message":"Rapport 12 mis à jour","timestamp":"2026-03-28 13:23:27"}
{"level":"info","message":"Nouveau rapport créé","timestamp":"2026-03-28 13:23:49"}
{"level":"info","message":"Nouveau visiteur inscrit","timestamp":"2026-03-28 13:24:20"}
{"level":"info","message":"Visiteur 3 récupéré (depuis le token)","timestamp":"2026-03-28 13:24:31"}
{"level":"info","message":"Visiteur 15 récupéré","timestamp":"2026-03-28 13:25:59"}
{"level":"info","message":"28 visiteurs récupérés","timestamp":"2026-03-28 13:26:09"}
{"level":"error","message":"[DELETE /api/visiteurs/28] UnauthorizedError: 401 - Vous ne pouvez supprimer que votre propre compte","timestamp":"2026-03-28 13:26:46"}
{"level":"error","message":"[DELETE /api/visiteurs/account/28] UnauthorizedError: 401 - Vous ne pouvez supprimer que votre propre compte","timestamp":"2026-03-28 13:28:10"}
{"level":"error","message":"Erreur Serveur : [DELETE /api/visiteurs/account/3] 500 - \nInvalid `prisma.visiteur.delete()` invocation in\n/app/src/services/visiteur.ts:138:28\n\n  135     throw new UnauthorizedError('Vous ne pouvez supprimer que votre propre compte');\n  136 }\n  137 \n→ 138 return prisma.visiteur.delete(\nForeign key constraint violated on the fields: (`idVisiteur`)","timestamp":"2026-03-28 13:28:16"}
{"level":"error","message":"[PUT /api/visiteurs/account/15] UnauthorizedError: 401 - Vous ne pouvez modifier que votre propre compte","timestamp":"2026-03-28 13:29:04"}
{"level":"info","message":"Visiteur 3 mis à jour","timestamp":"2026-03-28 13:30:01"}
{"level":"error","message":"Erreur Serveur : [DELETE /api/visiteurs/account/3] 500 - \nInvalid `prisma.visiteur.delete()` invocation in\n/app/src/services/visiteur.ts:138:28\n\n  135     throw new UnauthorizedError('Vous ne pouvez supprimer que votre propre compte');\n  136 }\n  137 \n→ 138 return prisma.visiteur.delete(\nForeign key constraint violated on the fields: (`idVisiteur`)","timestamp":"2026-03-28 13:30:14"}
{"level":"info","message":"Visiteur 3 récupéré (depuis le token)","timestamp":"2026-03-28 13:30:25"}
{"level":"info","message":"Visiteur 15 mis à jour","timestamp":"2026-03-28 13:31:06"}
{"level":"error","message":"[DELETE /api/visiteurs/28] UnauthorizedError: 401 - Vous ne pouvez supprimer que votre propre compte","timestamp":"2026-03-28 13:31:32"}
{"level":"info","message":"Visiteur 15 récupéré","timestamp":"2026-03-28 13:31:42"}
{"level":"info","message":"28 visiteurs récupérés","timestamp":"2026-03-28 13:32:04"}
{"level":"info","message":"Utilisateur déconnecté","timestamp":"2026-03-28 13:33:17"}
{"level":"error","message":"[GET /api/rapport/1] UnauthorizedError: 401 - Token d'authentification manquant","timestamp":"2026-03-28 16:15:27"}
{"level":"info","message":"Visiteur aribiA connecté","timestamp":"2026-03-29 00:30:24"}
{"level":"info","message":"20 familles récupérées","timestamp":"2026-03-29 00:30:54"}
{"level":"info","message":"Famille AA récupérée","timestamp":"2026-03-29 00:31:01"}
{"level":"info","message":"1000 médecins récupérés","timestamp":"2026-03-29 00:31:15"}
{"level":"info","message":"Recherche effectuée pour: \"mo\" - 64 résultats trouvés","timestamp":"2026-03-29 00:32:12"}
{"level":"info","message":"Médecin 584 récupéré","timestamp":"2026-03-29 00:32:33"}
{"level":"info","message":"28 médicaments récupérés","timestamp":"2026-03-29 00:32:41"}
{"level":"warn","message":"Tentative d'accès à un médicament inexistant : AA","timestamp":"2026-03-29 00:32:48"}
{"level":"error","message":"[GET /api/medicament/AA] NotFoundError: 404 - Médicament non trouvé","timestamp":"2026-03-29 00:32:48"}
{"level":"info","message":"Médicament 3MYC7 récupéré","timestamp":"2026-03-29 00:33:00"}
{"level":"info","message":"54 offres récupérées pour le visiteur 1","timestamp":"2026-03-29 00:33:08"}
{"level":"error","message":"Erreur Serveur : [POST /api/offrir] 500 - \nInvalid `prisma.offrir.create()` invocation in\n/app/src/services/offrir.ts:60:26\n\n  57     throw new UnauthorizedError('Vous ne pouvez créer une offre que pour vos propres rapports');\n  58 }\n  59 \n→ 60 return prisma.offrir.create(\nUnique constraint failed on the constraint: `PRIMARY`","timestamp":"2026-03-29 00:46:49"}
{"level":"info","message":"Nouvelle offre créée pour le visiteur 1","timestamp":"2026-03-29 00:48:32"}
{"level":"info","message":"55 offres récupérées pour le visiteur 1","timestamp":"2026-03-29 00:49:25"}
{"level":"info","message":"Offre 4-CLAZER6 récupérée pour le visiteur 1","timestamp":"2026-03-29 00:52:09"}
{"level":"error","message":"[GET /api/offrir/7/DOLRIL7] UnauthorizedError: 401 - Vous n'avez pas accès à cette offre","timestamp":"2026-03-29 00:52:43"}
{"level":"info","message":"Offre 4-CLAZER6 mise à jour pour le visiteur 1","timestamp":"2026-03-29 00:53:11"}
{"level":"info","message":"Offre 4-CLAZER6 supprimée pour le visiteur 1","timestamp":"2026-03-29 00:56:28"}
{"level":"info","message":"54 offres récupérées pour le visiteur 1","timestamp":"2026-03-29 00:56:43"}
{"level":"info","message":"97 rapports récupérés pour le visiteur 1","timestamp":"2026-03-29 00:57:20"}
{"level":"info","message":"1 rapports récupérés pour le visiteur 13 à la date 2016-07-02","timestamp":"2026-03-29 01:00:40"}
{"level":"info","message":"1 rapports récupérés pour le visiteur 5 à la date 2016-07-02","timestamp":"2026-03-29 01:00:46"}
{"level":"info","message":"1 rapports récupérés pour le visiteur 9 à la date 2016-07-02","timestamp":"2026-03-29 01:00:53"}
{"level":"info","message":"1 rapports récupérés pour le visiteur 1 à la date 2016-07-02","timestamp":"2026-03-29 01:01:00"}
{"level":"info","message":"0 rapports récupérés pour le visiteur 19 à la date 2016-07-02","timestamp":"2026-03-29 01:01:17"}
{"level":"info","message":"0 rapports récupérés pour le visiteur 19 à la date 2016-07-02","timestamp":"2026-03-29 01:12:50"}
{"level":"info","message":"Rapport 28 récupéré pour le visiteur 1","timestamp":"2026-03-29 01:13:54"}
{"level":"error","message":"[GET /api/rapport/29] UnauthorizedError: 401 - Vous n'avez pas accès à ce rapport","timestamp":"2026-03-29 01:13:57"}
{"level":"info","message":"Rapport 28 mis à jour pour le visiteur 1","timestamp":"2026-03-29 01:16:47"}
{"level":"error","message":"Erreur Serveur : [DELETE /api/rapport/28] 500 - \nInvalid `prisma.rapport.delete()` invocation in\n/app/src/services/rapport.ts:98:27\n\n  95     throw new UnauthorizedError('Vous ne pouvez supprimer que vos propres rapports');\n  96 }\n  97 \n→ 98 return prisma.rapport.delete(\nForeign key constraint violated on the fields: (`idRapport`)","timestamp":"2026-03-29 01:18:07"}
{"level":"info","message":"Visiteur aribiA connecté","timestamp":"2026-03-29 03:33:34"}
{"level":"info","message":"20 familles récupérées","timestamp":"2026-03-29 03:33:58"}
{"level":"info","message":"Famille AA récupérée","timestamp":"2026-03-29 03:34:05"}
{"level":"info","message":"1000 médecins récupérés","timestamp":"2026-03-29 03:34:11"}
{"level":"info","message":"Recherche effectuée pour: \"Dupont\" - 1 résultats trouvés","timestamp":"2026-03-29 03:34:23"}
{"level":"info","message":"Recherche effectuée pour: \"Mar\" - 66 résultats trouvés","timestamp":"2026-03-29 03:34:32"}
{"level":"info","message":"Médecin 621 récupéré","timestamp":"2026-03-29 03:34:46"}
{"level":"info","message":"28 médicaments récupérés","timestamp":"2026-03-29 03:34:55"}
{"level":"info","message":"Médicament AMOPIL7 récupéré","timestamp":"2026-03-29 03:35:35"}
{"level":"info","message":"54 offres récupérées pour le visiteur 1","timestamp":"2026-03-29 03:35:49"}
{"level":"info","message":"Nouvelle offre créée pour le visiteur 1","timestamp":"2026-03-29 03:36:37"}
{"level":"info","message":"Offre 4-3MYC7 récupérée pour le visiteur 1","timestamp":"2026-03-29 03:37:22"}
{"level":"warn","message":"Tentative d'accès à une offre inexistante : 4-DOLRIL7","timestamp":"2026-03-29 03:37:30"}
{"level":"error","message":"[GET /api/offrir/4/DOLRIL7] NotFoundError: 404 - Offre non trouvée","timestamp":"2026-03-29 03:37:30"}
{"level":"info","message":"Offre 4-CLAZER6 mise à jour pour le visiteur 1","timestamp":"2026-03-29 03:37:59"}
{"level":"info","message":"Offre 4-CLAZER6 supprimée pour le visiteur 1","timestamp":"2026-03-29 03:38:30"}
{"level":"info","message":"97 rapports récupérés pour le visiteur 1","timestamp":"2026-03-29 03:38:51"}
{"level":"info","message":"Aucun rapport trouvé pour le visiteur 5 à la date 2024-01-15","timestamp":"2026-03-29 03:38:57"}
{"level":"info","message":"Aucun rapport trouvé pour le visiteur 5 à la date 2017-01-02","timestamp":"2026-03-29 03:39:39"}
{"level":"info","message":"Aucun rapport trouvé pour le visiteur 9 à la date 2017-01-02","timestamp":"2026-03-29 03:39:43"}
{"level":"info","message":"Aucun rapport trouvé pour le visiteur 1 à la date 2017-01-02","timestamp":"2026-03-29 03:39:47"}
{"level":"info","message":"1 rapports récupérés pour le visiteur 6 à la date 2017-01-02","timestamp":"2026-03-29 03:39:55"}
{"level":"info","message":"Rapport 4 récupéré pour le visiteur 1","timestamp":"2026-03-29 03:40:28"}
{"level":"error","message":"[GET /api/rapport/8] UnauthorizedError: 401 - Vous n'avez pas accès à ce rapport","timestamp":"2026-03-29 03:40:36"}
{"level":"info","message":"Rapport 4 mis à jour pour le visiteur 1","timestamp":"2026-03-29 03:41:07"}
{"level":"info","message":"Rapport 4 supprimé pour le visiteur 1","timestamp":"2026-03-29 03:41:29"}
{"level":"error","message":"[DELETE /api/rapport/5] UnauthorizedError: 401 - Vous ne pouvez supprimer que vos propres rapports","timestamp":"2026-03-29 03:41:43"}
{"level":"info","message":"Nouveau rapport créé pour le visiteur 1","timestamp":"2026-03-29 03:42:04"}
{"level":"info","message":"Utilisateur déconnecté","timestamp":"2026-03-29 03:42:40"}
{"level":"info","message":"Nouveau visiteur inscrit","timestamp":"2026-03-29 03:43:34"}
{"level":"info","message":"Visiteur jdupont connecté","timestamp":"2026-03-29 03:45:04"}
{"level":"info","message":"28 visiteurs récupérés","timestamp":"2026-03-29 03:45:30"}
{"level":"info","message":"Visiteur 3 récupéré","timestamp":"2026-03-29 03:47:01"}
{"level":"error","message":"Erreur Serveur : [GET /api/visiteurs/account] 500 - \nInvalid `prisma.visiteur.findUnique()` invocation in\n/app/src/services/visiteur.ts:47:28\n\n  44 \n  45 // getVisiteurByID : renvoie un visiteur en fonction de son ID\n  46 export function getVisiteurByID (id: number) {\n→ 47     return prisma.visiteur.findUnique({\n           where: {\n         +   id: Int\n           },\n           select: {\n             id: true,\n             nom: true,\n             prenom: true,\n             login: true,\n             adresse: true,\n             cp: true,\n             ville: true,\n             dateembauche: true,\n             acesstoken: true,\n             rapport: true\n           }\n         })\n\nArgument `id` is missing.","timestamp":"2026-03-29 03:47:15"}
{"level":"info","message":"Visiteur aribiA connecté","timestamp":"2026-03-29 03:56:29"}
{"level":"info","message":"28 visiteurs récupérés","timestamp":"2026-03-29 03:56:48"}
{"level":"info","message":"Visiteur 5 récupéré","timestamp":"2026-03-29 03:56:58"}
{"level":"error","message":"Erreur Serveur : [GET /api/visiteurs/account] 500 - \nInvalid `prisma.visiteur.findUnique()` invocation in\n/app/src/services/visiteur.ts:47:28\n\n  44 \n  45 // getVisiteurByID : renvoie un visiteur en fonction de son ID\n  46 export function getVisiteurByID (id: number) {\n→ 47     return prisma.visiteur.findUnique({\n           where: {\n         +   id: Int\n           },\n           select: {\n             id: true,\n             nom: true,\n             prenom: true,\n             login: true,\n             adresse: true,\n             cp: true,\n             ville: true,\n             dateembauche: true,\n             acesstoken: true,\n             rapport: true\n           }\n         })\n\nArgument `id` is missing.","timestamp":"2026-03-29 03:57:04"}
{"level":"info","message":"Visiteur 5 récupéré","timestamp":"2026-03-29 04:05:30"}
{"level":"error","message":"Erreur Serveur : [GET /api/visiteurs/account] 500 - \nInvalid `prisma.visiteur.findUnique()` invocation in\n/app/src/services/visiteur.ts:47:28\n\n  44 \n  45 // getVisiteurByID : renvoie un visiteur en fonction de son ID\n  46 export function getVisiteurByID (id: number) {\n→ 47     return prisma.visiteur.findUnique({\n           where: {\n         +   id: Int\n           },\n           select: {\n             id: true,\n             nom: true,\n             prenom: true,\n             login: true,\n             adresse: true,\n             cp: true,\n             ville: true,\n             dateembauche: true,\n             acesstoken: true,\n             rapport: true\n           }\n         })\n\nArgument `id` is missing.","timestamp":"2026-03-29 04:07:40"}
{"level":"info","message":"Visiteur 1 mis à jour (compte personnel)","timestamp":"2026-03-29 04:09:20"}
{"level":"error","message":"Erreur Serveur : [DELETE /api/visiteurs/account] 500 - \nInvalid `prisma.visiteur.delete()` invocation in\n/app/src/services/visiteur.ts:138:28\n\n  135     throw new UnauthorizedError('Vous ne pouvez supprimer que votre propre compte');\n  136 }\n  137 \n→ 138 return prisma.visiteur.delete(\nForeign key constraint violated on the fields: (`idVisiteur`)","timestamp":"2026-03-29 04:09:42"}
{"level":"error","message":"[POST /api/visiteurs/login] UnauthorizedError: 401 - Mot de passe incorrect","timestamp":"2026-03-29 04:20:33"}
{"level":"error","message":"[POST /api/visiteurs/login] UnauthorizedError: 401 - Mot de passe incorrect","timestamp":"2026-03-29 04:20:39"}
{"level":"info","message":"Visiteur dandre connecté","timestamp":"2026-03-29 04:20:51"}
{"level":"info","message":"Visiteur 2 récupéré (depuis le token)","timestamp":"2026-03-29 04:21:11"}
{"level":"info","message":"Visiteur cbedos connecté","timestamp":"2026-03-29 04:24:23"}
{"level":"info","message":"Visiteur 3 récupéré (depuis le token)","timestamp":"2026-03-29 04:24:44"}
{"level":"error","message":"Erreur Serveur : [PUT /api/visiteurs/account] 500 - \nInvalid `prisma.visiteur.update()` invocation:\n\n\nThe provided value for the column is too long for the column's type. Column: cp","timestamp":"2026-03-29 04:26:27"}
{"level":"info","message":"Visiteur 3 mis à jour (compte personnel)","timestamp":"2026-03-29 04:27:10"}
{"level":"error","message":"Erreur Serveur : [DELETE /api/visiteurs/account] 500 - \nInvalid `prisma.visiteur.delete()` invocation:\n\n\nForeign key constraint violated on the fields: (`idVisiteur`)","timestamp":"2026-03-29 04:27:45"}
{"level":"info","message":"Visiteur 12 récupéré","timestamp":"2026-03-29 04:27:55"}
{"level":"error","message":"[POST /api/visiteurs/login] UnauthorizedError: 401 - Mot de passe incorrect","timestamp":"2026-03-29 04:37:16"}
{"level":"info","message":"Visiteur string connecté","timestamp":"2026-03-29 04:38:16"}
{"level":"info","message":"28 visiteurs récupérés","timestamp":"2026-03-29 04:38:40"}
{"level":"info","message":"Visiteur 3 récupéré (depuis le token)","timestamp":"2026-03-29 04:38:51"}
{"level":"info","message":"Visiteur 15 récupéré","timestamp":"2026-03-29 04:39:07"}
{"level":"info","message":"Visiteur 3 mis à jour (compte personnel)","timestamp":"2026-03-29 04:39:23"}
{"level":"info","message":"Visiteur 3 supprimé (compte personnel)","timestamp":"2026-03-29 04:39:46"}
{"level":"info","message":"Visiteur ltusseau connecté","timestamp":"2026-03-29 13:18:34"}
{"level":"info","message":"Visiteur 4 mis à jour (compte personnel)","timestamp":"2026-03-29 13:19:24"}
{"level":"info","message":"Utilisateur déconnecté","timestamp":"2026-03-29 13:19:42"}
{"level":"error","message":"[POST /api/visiteurs/login] UnauthorizedError: 401 - Mot de passe incorrect","timestamp":"2026-03-29 13:19:55"}
{"level":"info","message":"Visiteur pbentot connecté","timestamp":"2026-03-29 13:20:28"}
{"level":"error","message":"Erreur Serveur : [PUT /api/visiteurs/account] 500 - \nInvalid `prisma.visiteur.update()` invocation in\n/app/src/services/visiteur.ts:106:28\n\n  103     mdpToUpdate = await hashPassword(data.mdp);\n  104 }\n  105 \n→ 106 return prisma.visiteur.update(\nThe provided value for the column is too long for the column's type. Column: cp","timestamp":"2026-03-29 13:21:06"}
{"level":"info","message":"Visiteur 5 mis à jour (compte personnel)","timestamp":"2026-03-29 13:21:25"}
{"level":"info","message":"Utilisateur déconnecté","timestamp":"2026-03-29 13:21:47"}
{"level":"error","message":"[POST /api/visiteurs/login] UnauthorizedError: 401 - Mot de passe incorrect","timestamp":"2026-03-29 13:22:17"}
{"level":"info","message":"Visiteur lbioret connecté","timestamp":"2026-03-29 13:33:05"}
{"level":"info","message":"Visiteur 6 mis à jour (compte personnel)","timestamp":"2026-03-29 13:34:35"}
{"level":"info","message":"Utilisateur déconnecté","timestamp":"2026-03-29 13:34:46"}
{"level":"error","message":"[POST /api/visiteurs/login] UnauthorizedError: 401 - Mot de passe incorrect","timestamp":"2026-03-29 13:35:14"}
{"level":"error","message":"[POST /api/visiteurs/login] UnauthorizedError: 401 - Mot de passe incorrect","timestamp":"2026-03-29 13:36:10"}
{"level":"error","message":"[POST /api/visiteurs/login] UnauthorizedError: 401 - Mot de passe incorrect","timestamp":"2026-03-29 13:36:22"}
{"level":"info","message":"Visiteur adnaneembouazza connecté","timestamp":"2026-03-29 13:42:41"}
{"level":"error","message":"[POST /api/visiteurs/login] UnauthorizedError: 401 - Mot de passe incorrect","timestamp":"2026-03-29 13:43:42"}
{"level":"info","message":"Visiteur aribiA connecté","timestamp":"2026-03-29 13:55:41"}
{"level":"info","message":"Visiteur 1 mis à jour (compte personnel)","timestamp":"2026-03-29 13:56:34"}
{"level":"info","message":"Utilisateur déconnecté","timestamp":"2026-03-29 13:56:42"}
{"level":"error","message":"[POST /api/visiteurs/login] UnauthorizedError: 401 - Mot de passe incorrect","timestamp":"2026-03-29 13:57:02"}
{"level":"info","message":"Visiteur adnane connecté","timestamp":"2026-03-29 13:57:17"}
{"level":"info","message":"Visiteur dandre connecté","timestamp":"2026-03-29 14:05:31"}
{"level":"info","message":"Visiteur 2 mis à jour (compte personnel)","timestamp":"2026-03-29 14:06:32"}
{"level":"info","message":"Visiteur aribiA connecté","timestamp":"2026-03-29 14:20:14"}
{"level":"info","message":"Visiteur 1 mis à jour (compte personnel)","timestamp":"2026-03-29 14:21:16"}
{"level":"info","message":"Utilisateur déconnecté","timestamp":"2026-03-29 14:21:29"}
{"level":"info","message":"Visiteur adnane connecté","timestamp":"2026-03-29 14:21:57"}
{"level":"info","message":"20 familles récupérées","timestamp":"2026-03-29 14:22:13"}
{"level":"info","message":"1000 médecins récupérés","timestamp":"2026-03-29 15:05:19"}
{"level":"info","message":"1000 médecins récupérés","timestamp":"2026-03-29 15:14:53"}
{"level":"info","message":"1000 médecins récupérés","timestamp":"2026-03-29 15:19:13"}
{"level":"info","message":"1000 médecins récupérés","timestamp":"2026-03-29 15:20:54"}
{"level":"info","message":"1000 médecins récupérés","timestamp":"2026-03-29 15:21:34"}
{"level":"info","message":"1000 médecins récupérés","timestamp":"2026-03-29 15:22:40"}
{"level":"info","message":"1000 médecins récupérés","timestamp":"2026-03-29 15:26:33"}
{"level":"info","message":"1000 médecins récupérés","timestamp":"2026-03-29 15:26:34"}
{"level":"info","message":"1000 médecins récupérés","timestamp":"2026-03-29 15:26:35"}
{"level":"info","message":"1000 médecins récupérés","timestamp":"2026-03-29 15:26:35"}
{"level":"info","message":"1000 médecins récupérés","timestamp":"2026-03-29 15:26:35"}
{"level":"info","message":"1000 médecins récupérés","timestamp":"2026-03-29 16:19:57"}
{"level":"info","message":"1000 médecins récupérés","timestamp":"2026-03-29 16:19:57"}
{"level":"info","message":"1000 médecins récupérés","timestamp":"2026-03-29 16:20:49"}
{"level":"info","message":"1000 médecins récupérés","timestamp":"2026-03-29 16:20:49"}
{"level":"info","message":"1000 médecins récupérés","timestamp":"2026-03-29 16:20:49"}
{"level":"info","message":"1000 médecins récupérés","timestamp":"2026-03-29 16:20:50"}
{"level":"info","message":"1000 médecins récupérés","timestamp":"2026-03-29 16:20:50"}
{"level":"info","message":"1000 médecins récupérés","timestamp":"2026-03-29 16:21:08"}
{"level":"info","message":"1000 médecins récupérés","timestamp":"2026-03-29 16:21:51"}
{"level":"info","message":"1000 médecins récupérés","timestamp":"2026-03-29 16:21:52"}
{"level":"info","message":"1000 médecins récupérés","timestamp":"2026-03-29 16:21:52"}
{"level":"info","message":"1000 médecins récupérés","timestamp":"2026-03-29 16:21:52"}
{"level":"info","message":"1000 médecins récupérés","timestamp":"2026-03-29 16:22:10"}
{"level":"info","message":"1000 médecins récupérés","timestamp":"2026-03-29 16:22:10"}
{"level":"info","message":"1000 médecins récupérés","timestamp":"2026-03-29 16:22:10"}
{"level":"info","message":"1000 médecins récupérés","timestamp":"2026-03-29 16:22:11"}
{"level":"info","message":"1000 médecins récupérés","timestamp":"2026-03-29 16:22:11"}
{"level":"info","message":"1000 médecins récupérés","timestamp":"2026-03-29 16:23:14"}
{"level":"info","message":"1000 médecins récupérés","timestamp":"2026-03-29 16:23:15"}
{"level":"info","message":"1000 médecins récupérés","timestamp":"2026-03-29 16:23:15"}
{"level":"info","message":"1000 médecins récupérés","timestamp":"2026-03-29 16:23:21"}
{"level":"info","message":"1000 médecins récupérés","timestamp":"2026-03-29 16:23:21"}
{"level":"info","message":"1000 médecins récupérés","timestamp":"2026-03-29 16:23:21"}
{"level":"info","message":"1000 médecins récupérés","timestamp":"2026-03-29 16:23:21"}
{"level":"info","message":"1000 médecins récupérés","timestamp":"2026-03-29 16:23:22"}
{"level":"info","message":"1000 médecins récupérés","timestamp":"2026-03-29 16:23:22"}
{"level":"info","message":"1000 médecins récupérés","timestamp":"2026-03-29 16:23:22"}
{"level":"info","message":"1000 médecins récupérés","timestamp":"2026-03-29 16:23:22"}
{"level":"info","message":"1000 médecins récupérés","timestamp":"2026-03-29 16:23:22"}
{"level":"info","message":"1000 médecins récupérés","timestamp":"2026-03-29 16:23:56"}
{"level":"info","message":"1000 médecins récupérés","timestamp":"2026-03-29 16:23:56"}
{"level":"info","message":"1000 médecins récupérés","timestamp":"2026-03-29 16:23:56"}
{"level":"info","message":"1000 médecins récupérés","timestamp":"2026-03-29 16:23:56"}
{"level":"info","message":"1000 médecins récupérés","timestamp":"2026-03-29 16:23:56"}
{"level":"info","message":"1000 médecins récupérés","timestamp":"2026-03-29 16:25:08"}
{"level":"info","message":"1000 médecins récupérés","timestamp":"2026-03-29 16:26:35"}
{"level":"info","message":"1000 médecins récupérés","timestamp":"2026-03-29 16:26:36"}
{"level":"info","message":"1000 médecins récupérés","timestamp":"2026-03-29 16:26:36"}
{"level":"info","message":"1000 médecins récupérés","timestamp":"2026-03-29 16:26:36"}
{"level":"info","message":"1000 médecins récupérés","timestamp":"2026-03-29 16:26:36"}
{"level":"info","message":"1000 médecins récupérés","timestamp":"2026-03-29 16:26:36"}
{"level":"info","message":"1000 médecins récupérés","timestamp":"2026-03-29 16:26:36"}
{"level":"info","message":"1000 médecins récupérés","timestamp":"2026-03-29 16:26:37"}
{"level":"info","message":"1000 médecins récupérés","timestamp":"2026-03-29 16:27:08"}
{"level":"info","message":"1000 médecins récupérés","timestamp":"2026-03-29 16:27:09"}
{"level":"info","message":"1000 médecins récupérés","timestamp":"2026-03-29 16:27:09"}
{"level":"info","message":"1000 médecins récupérés","timestamp":"2026-03-29 16:29:17"}
{"level":"info","message":"1000 médecins récupérés","timestamp":"2026-03-29 16:30:05"}
{"level":"info","message":"1000 médecins récupérés","timestamp":"2026-03-29 16:30:05"}
{"level":"info","message":"1000 médecins récupérés","timestamp":"2026-03-29 16:30:05"}
{"level":"info","message":"1000 médecins récupérés","timestamp":"2026-03-29 16:30:05"}
{"level":"info","message":"1000 médecins récupérés","timestamp":"2026-03-29 16:30:52"}
{"level":"info","message":"1000 médecins récupérés","timestamp":"2026-03-29 16:30:52"}
{"level":"info","message":"1000 médecins récupérés","timestamp":"2026-03-29 16:30:53"}
{"level":"info","message":"1000 médecins récupérés","timestamp":"2026-03-29 16:30:53"}
{"level":"info","message":"1000 médecins récupérés","timestamp":"2026-03-29 16:30:53"}
{"level":"info","message":"1000 médecins récupérés","timestamp":"2026-03-29 16:30:53"}
{"level":"info","message":"1000 médecins récupérés","timestamp":"2026-03-29 16:30:53"}
{"level":"info","message":"1000 médecins récupérés","timestamp":"2026-03-29 16:30:54"}
{"level":"info","message":"1000 médecins récupérés","timestamp":"2026-03-29 16:30:54"}
{"level":"info","message":"1000 médecins récupérés","timestamp":"2026-03-29 16:30:55"}
{"level":"info","message":"1000 médecins récupérés","timestamp":"2026-03-29 16:30:55"}
{"level":"info","message":"1000 médecins récupérés","timestamp":"2026-03-29 16:30:55"}
{"level":"info","message":"1000 médecins récupérés","timestamp":"2026-03-29 16:30:55"}
{"level":"info","message":"1000 médecins récupérés","timestamp":"2026-03-29 16:30:55"}
{"level":"info","message":"1000 médecins récupérés","timestamp":"2026-03-29 16:31:08"}
{"level":"info","message":"1000 médecins récupérés","timestamp":"2026-03-29 16:31:08"}
{"level":"info","message":"1000 médecins récupérés","timestamp":"2026-03-29 16:31:09"}
{"level":"info","message":"1000 médecins récupérés","timestamp":"2026-03-29 16:31:09"}
{"level":"info","message":"1000 médecins récupérés","timestamp":"2026-03-29 16:31:09"}
{"level":"info","message":"1000 médecins récupérés","timestamp":"2026-03-29 16:31:09"}
{"level":"info","message":"1000 médecins récupérés","timestamp":"2026-03-29 16:31:09"}
{"level":"info","message":"1000 médecins récupérés","timestamp":"2026-03-29 16:31:09"}
{"level":"info","message":"1000 médecins récupérés","timestamp":"2026-03-29 16:33:25"}
{"level":"info","message":"1000 médecins récupérés","timestamp":"2026-03-29 16:33:25"}
{"level":"info","message":"1000 médecins récupérés","timestamp":"2026-03-29 16:33:26"}
{"level":"info","message":"1000 médecins récupérés","timestamp":"2026-03-29 16:33:26"}
{"level":"info","message":"1000 médecins récupérés","timestamp":"2026-03-29 16:33:31"}
{"level":"info","message":"1000 médecins récupérés","timestamp":"2026-03-29 16:35:26"}
{"level":"info","message":"1000 médecins récupérés","timestamp":"2026-03-29 16:35:27"}
{"level":"info","message":"1000 médecins récupérés","timestamp":"2026-03-29 16:35:27"}
{"level":"info","message":"1000 médecins récupérés","timestamp":"2026-03-29 16:35:33"}
{"level":"info","message":"1000 médecins récupérés","timestamp":"2026-03-29 16:35:34"}
{"level":"info","message":"1000 médecins récupérés","timestamp":"2026-03-29 16:35:34"}
{"level":"info","message":"1000 médecins récupérés","timestamp":"2026-03-29 16:42:29"}
{"level":"info","message":"1000 médecins récupérés","timestamp":"2026-03-29 16:42:31"}
{"level":"info","message":"1000 médecins récupérés","timestamp":"2026-03-29 16:42:31"}
{"level":"info","message":"1000 médecins récupérés","timestamp":"2026-03-29 16:42:31"}
{"level":"info","message":"1000 médecins récupérés","timestamp":"2026-03-29 16:42:31"}
{"level":"info","message":"1000 médecins récupérés","timestamp":"2026-03-29 16:42:31"}
{"level":"info","message":"1000 médecins récupérés","timestamp":"2026-03-29 16:42:39"}
{"level":"info","message":"1000 médecins récupérés","timestamp":"2026-03-29 16:42:39"}
{"level":"info","message":"1000 médecins récupérés","timestamp":"2026-03-29 16:42:40"}
{"level":"info","message":"1000 médecins récupérés","timestamp":"2026-03-29 16:42:40"}
{"level":"info","message":"1000 médecins récupérés","timestamp":"2026-03-29 16:45:14"}
{"level":"info","message":"1000 médecins récupérés","timestamp":"2026-03-29 16:45:21"}
{"level":"info","message":"1000 médecins récupérés","timestamp":"2026-03-29 16:45:22"}
{"level":"info","message":"1000 médecins récupérés","timestamp":"2026-03-29 16:45:22"}
{"level":"info","message":"1000 médecins récupérés","timestamp":"2026-03-29 16:45:48"}
{"level":"info","message":"1000 médecins récupérés","timestamp":"2026-03-29 16:46:51"}
{"level":"info","message":"1000 médecins récupérés","timestamp":"2026-03-29 16:46:52"}
{"level":"info","message":"1000 médecins récupérés","timestamp":"2026-03-29 16:46:52"}
{"level":"info","message":"1000 médecins récupérés","timestamp":"2026-03-29 16:46:52"}
{"level":"info","message":"1000 médecins récupérés","timestamp":"2026-03-29 16:46:53"}
{"level":"info","message":"1000 médecins récupérés","timestamp":"2026-03-29 16:47:55"}
{"level":"info","message":"1000 médecins récupérés","timestamp":"2026-03-29 16:48:52"}
{"level":"info","message":"1000 médecins récupérés","timestamp":"2026-03-29 16:50:11"}
{"level":"info","message":"1000 médecins récupérés","timestamp":"2026-03-29 16:50:25"}
{"level":"info","message":"1000 médecins récupérés","timestamp":"2026-03-29 16:51:24"}
{"level":"info","message":"1000 médecins récupérés","timestamp":"2026-03-29 16:53:43"}
{"level":"info","message":"1000 médecins récupérés","timestamp":"2026-03-29 16:54:04"}
{"level":"info","message":"1000 médecins récupérés","timestamp":"2026-03-29 16:55:47"}
{"level":"info","message":"1000 médecins récupérés","timestamp":"2026-03-29 16:56:39"}
{"level":"info","message":"1000 médecins récupérés","timestamp":"2026-03-29 16:56:40"}
{"level":"info","message":"1000 médecins récupérés","timestamp":"2026-03-29 16:56:55"}
{"level":"info","message":"1000 médecins récupérés","timestamp":"2026-03-29 16:57:15"}
{"level":"info","message":"1000 médecins récupérés","timestamp":"2026-03-29 16:57:24"}
{"level":"info","message":"1000 médecins récupérés","timestamp":"2026-03-29 16:57:35"}
{"level":"info","message":"1000 médecins récupérés","timestamp":"2026-03-29 16:57:47"}
{"level":"info","message":"1000 médecins récupérés","timestamp":"2026-03-29 16:58:23"}
{"level":"info","message":"1000 médecins récupérés","timestamp":"2026-03-29 16:58:23"}
{"level":"info","message":"1000 médecins récupérés","timestamp":"2026-03-29 16:58:24"}
{"level":"info","message":"1000 médecins récupérés","timestamp":"2026-03-29 16:58:24"}
{"level":"info","message":"1000 médecins récupérés","timestamp":"2026-03-29 16:58:24"}
{"level":"info","message":"1000 médecins récupérés","timestamp":"2026-03-29 16:58:55"}
{"level":"info","message":"1000 médecins récupérés","timestamp":"2026-03-29 16:58:56"}
{"level":"info","message":"1000 médecins récupérés","timestamp":"2026-03-29 16:58:56"}
{"level":"info","message":"1000 médecins récupérés","timestamp":"2026-03-29 16:59:00"}
{"level":"info","message":"1000 médecins récupérés","timestamp":"2026-03-29 16:59:10"}
{"level":"info","message":"1000 médecins récupérés","timestamp":"2026-03-29 17:00:25"}
{"level":"info","message":"1000 médecins récupérés","timestamp":"2026-03-29 17:00:58"}
{"level":"info","message":"1000 médecins récupérés","timestamp":"2026-03-29 17:01:43"}
{"level":"info","message":"1000 médecins récupérés","timestamp":"2026-03-29 17:01:58"}
{"level":"info","message":"1000 médecins récupérés","timestamp":"2026-03-29 17:07:26"}
{"level":"info","message":"1000 médecins récupérés","timestamp":"2026-03-29 17:28:58"}
{"level":"info","message":"Visiteur aribiA connecté","timestamp":"2026-03-29 17:36:38"}
{"level":"info","message":"1000 médecins récupérés","timestamp":"2026-03-29 17:36:40"}
{"level":"error","message":"[GET /api/visiteurs/account] UnauthorizedError: 401 - Token d'authentification manquant","timestamp":"2026-03-29 17:53:01"}
{"level":"info","message":"1000 médecins récupérés","timestamp":"2026-03-29 17:53:01"}
{"level":"error","message":"[GET /api/visiteurs/account] UnauthorizedError: 401 - Token d'authentification manquant","timestamp":"2026-03-29 17:53:01"}
{"level":"info","message":"1000 médecins récupérés","timestamp":"2026-03-29 17:53:01"}
{"level":"error","message":"[GET /api/visiteurs/account] UnauthorizedError: 401 - Token d'authentification manquant","timestamp":"2026-03-29 17:53:02"}
{"level":"info","message":"1000 médecins récupérés","timestamp":"2026-03-29 17:53:02"}
{"level":"error","message":"[GET /api/visiteurs/account] UnauthorizedError: 401 - Token d'authentification manquant","timestamp":"2026-03-29 17:53:05"}
{"level":"info","message":"Visiteur aribiA connecté","timestamp":"2026-03-29 17:53:24"}
{"level":"info","message":"1000 médecins récupérés","timestamp":"2026-03-29 17:53:26"}
{"level":"info","message":"Visiteur 1 récupéré (depuis le token)","timestamp":"2026-03-29 17:53:26"}
{"level":"info","message":"Utilisateur déconnecté","timestamp":"2026-03-29 17:53:40"}
{"level":"error","message":"[GET /api/visiteurs/account] UnauthorizedError: 401 - Token d'authentification manquant","timestamp":"2026-03-29 17:53:40"}
{"level":"error","message":"[GET /api/visiteurs/account] UnauthorizedError: 401 - Token d'authentification manquant","timestamp":"2026-03-29 17:53:40"}
{"level":"info","message":"1000 médecins récupérés","timestamp":"2026-03-29 17:53:40"}
{"level":"error","message":"[GET /api/visiteurs/account] UnauthorizedError: 401 - Token d'authentification manquant","timestamp":"2026-03-29 17:55:08"}
{"level":"info","message":"Visiteur aribiA connecté","timestamp":"2026-03-29 17:55:17"}
{"level":"info","message":"Visiteur 1 récupéré (depuis le token)","timestamp":"2026-03-29 17:55:19"}
{"level":"info","message":"1000 médecins récupérés","timestamp":"2026-03-29 17:55:19"}
{"level":"info","message":"Utilisateur déconnecté","timestamp":"2026-03-29 17:55:24"}
{"level":"error","message":"[GET /api/visiteurs/account] UnauthorizedError: 401 - Token d'authentification manquant","timestamp":"2026-03-29 17:55:24"}
{"level":"error","message":"[GET /api/visiteurs/account] UnauthorizedError: 401 - Token d'authentification manquant","timestamp":"2026-03-29 17:55:24"}
{"level":"info","message":"1000 médecins récupérés","timestamp":"2026-03-29 17:55:24"}
{"level":"error","message":"[GET /api/visiteurs/account] UnauthorizedError: 401 - Token d'authentification manquant","timestamp":"2026-03-29 17:55:29"}
{"level":"info","message":"Visiteur aribiA connecté","timestamp":"2026-03-29 17:55:32"}
{"level":"info","message":"Visiteur 1 récupéré (depuis le token)","timestamp":"2026-03-29 17:55:34"}
{"level":"info","message":"1000 médecins récupérés","timestamp":"2026-03-29 17:55:34"}
{"level":"info","message":"1000 médecins récupérés","timestamp":"2026-03-29 17:58:11"}
{"level":"info","message":"Visiteur 1 récupéré (depuis le token)","timestamp":"2026-03-29 17:58:11"}
{"level":"info","message":"Visiteur 1 récupéré (depuis le token)","timestamp":"2026-03-29 17:58:14"}
{"level":"info","message":"Utilisateur déconnecté","timestamp":"2026-03-29 17:58:55"}
{"level":"error","message":"[GET /api/visiteurs/account] UnauthorizedError: 401 - Token d'authentification manquant","timestamp":"2026-03-29 17:58:55"}
{"level":"error","message":"[GET /api/visiteurs/account] UnauthorizedError: 401 - Token d'authentification manquant","timestamp":"2026-03-29 17:58:55"}
{"level":"info","message":"1000 médecins récupérés","timestamp":"2026-03-29 17:58:56"}
{"level":"error","message":"[GET /api/visiteurs/account] UnauthorizedError: 401 - Token d'authentification manquant","timestamp":"2026-03-29 18:00:40"}
{"level":"info","message":"1000 médecins récupérés","timestamp":"2026-03-29 18:00:40"}
{"level":"error","message":"[GET /api/visiteurs/account] UnauthorizedError: 401 - Token d'authentification manquant","timestamp":"2026-03-29 18:00:41"}
{"level":"info","message":"1000 médecins récupérés","timestamp":"2026-03-29 18:00:41"}
{"level":"error","message":"[GET /api/visiteurs/account] UnauthorizedError: 401 - Token d'authentification manquant","timestamp":"2026-03-29 18:00:41"}
{"level":"info","message":"1000 médecins récupérés","timestamp":"2026-03-29 18:00:41"}
{"level":"error","message":"[GET /api/visiteurs/account] UnauthorizedError: 401 - Token d'authentification manquant","timestamp":"2026-03-29 18:00:41"}
{"level":"info","message":"1000 médecins récupérés","timestamp":"2026-03-29 18:00:41"}
{"level":"error","message":"[GET /api/visiteurs/account] UnauthorizedError: 401 - Token d'authentification manquant","timestamp":"2026-03-29 18:00:41"}
{"level":"info","message":"1000 médecins récupérés","timestamp":"2026-03-29 18:00:41"}
{"level":"error","message":"[GET /api/visiteurs/account] UnauthorizedError: 401 - Token d'authentification manquant","timestamp":"2026-03-29 18:01:25"}
{"level":"error","message":"[GET /api/visiteurs/account] UnauthorizedError: 401 - Token d'authentification manquant","timestamp":"2026-03-29 18:02:31"}
{"level":"error","message":"[GET /api/visiteurs/account] UnauthorizedError: 401 - Token d'authentification manquant","timestamp":"2026-03-29 18:02:32"}
{"level":"error","message":"[GET /api/visiteurs/account] UnauthorizedError: 401 - Token d'authentification manquant","timestamp":"2026-03-29 18:02:33"}
{"level":"error","message":"[GET /api/visiteurs/account] UnauthorizedError: 401 - Token d'authentification manquant","timestamp":"2026-03-29 18:02:37"}
{"level":"info","message":"Visiteur aribiA connecté","timestamp":"2026-03-29 18:02:42"}
{"level":"info","message":"Visiteur 1 récupéré (depuis le token)","timestamp":"2026-03-29 18:02:44"}
{"level":"info","message":"1000 médecins récupérés","timestamp":"2026-03-29 18:02:44"}
{"level":"info","message":"Visiteur 1 récupéré (depuis le token)","timestamp":"2026-03-29 18:03:15"}
{"level":"info","message":"Visiteur 1 récupéré (depuis le token)","timestamp":"2026-03-29 18:03:15"}
{"level":"info","message":"Visiteur 1 récupéré (depuis le token)","timestamp":"2026-03-29 18:03:21"}
{"level":"info","message":"1000 médecins récupérés","timestamp":"2026-03-29 18:03:21"}
{"level":"info","message":"Visiteur 1 récupéré (depuis le token)","timestamp":"2026-03-29 18:03:23"}
{"level":"info","message":"Visiteur 1 récupéré (depuis le token)","timestamp":"2026-03-29 18:03:23"}
{"level":"info","message":"Visiteur 1 récupéré (depuis le token)","timestamp":"2026-03-29 18:06:35"}
{"level":"info","message":"Visiteur 1 récupéré (depuis le token)","timestamp":"2026-03-29 18:06:35"}
{"level":"info","message":"Visiteur 1 récupéré (depuis le token)","timestamp":"2026-03-29 18:06:44"}
{"level":"info","message":"Visiteur 1 récupéré (depuis le token)","timestamp":"2026-03-29 18:06:44"}
{"level":"info","message":"Visiteur 1 récupéré (depuis le token)","timestamp":"2026-03-29 18:06:44"}
{"level":"info","message":"Visiteur 1 récupéré (depuis le token)","timestamp":"2026-03-29 18:06:44"}
{"level":"info","message":"Visiteur 1 récupéré (depuis le token)","timestamp":"2026-03-29 18:06:44"}
{"level":"info","message":"Visiteur 1 récupéré (depuis le token)","timestamp":"2026-03-29 18:06:44"}
{"level":"info","message":"Visiteur 1 récupéré (depuis le token)","timestamp":"2026-03-29 18:06:45"}
{"level":"info","message":"Visiteur 1 récupéré (depuis le token)","timestamp":"2026-03-29 18:06:45"}
{"level":"info","message":"Visiteur aribiA connecté","timestamp":"2026-03-29 18:07:45"}
{"level":"info","message":"Visiteur 1 récupéré (depuis le token)","timestamp":"2026-03-29 18:08:19"}
{"level":"info","message":"Visiteur 1 récupéré (depuis le token)","timestamp":"2026-03-29 18:09:40"}
{"level":"info","message":"Visiteur 1 récupéré (depuis le token)","timestamp":"2026-03-29 18:09:40"}
{"level":"info","message":"Visiteur 1 récupéré (depuis le token)","timestamp":"2026-03-29 18:09:40"}
{"level":"info","message":"Visiteur 1 récupéré (depuis le token)","timestamp":"2026-03-29 18:09:40"}
{"level":"info","message":"Visiteur 1 récupéré (depuis le token)","timestamp":"2026-03-29 18:10:20"}
{"level":"info","message":"Visiteur 1 récupéré (depuis le token)","timestamp":"2026-03-29 18:10:20"}
{"level":"info","message":"Visiteur 1 récupéré (depuis le token)","timestamp":"2026-03-29 18:14:51"}
{"level":"info","message":"Visiteur 1 récupéré (depuis le token)","timestamp":"2026-03-29 18:14:51"}
{"level":"error","message":"[GET /api/visiteurs/account] UnauthorizedError: 401 - Token d'authentification manquant","timestamp":"2026-03-29 20:13:07"}
{"level":"error","message":"[GET /api/visiteurs/account] UnauthorizedError: 401 - Token d'authentification manquant","timestamp":"2026-03-29 20:13:07"}
{"level":"error","message":"[GET /api/visiteurs/account] UnauthorizedError: 401 - Token d'authentification manquant","timestamp":"2026-03-29 20:13:10"}
{"level":"info","message":"Visiteur aribiA connecté","timestamp":"2026-03-29 20:13:14"}
{"level":"info","message":"Visiteur 1 récupéré (depuis le token)","timestamp":"2026-03-29 20:13:16"}
{"level":"info","message":"1000 médecins récupérés","timestamp":"2026-03-29 20:13:17"}
{"level":"info","message":"Visiteur 1 récupéré (depuis le token)","timestamp":"2026-03-29 20:13:27"}
{"level":"info","message":"Visiteur 1 récupéré (depuis le token)","timestamp":"2026-03-29 20:13:27"}
{"level":"info","message":"Visiteur 1 récupéré (depuis le token)","timestamp":"2026-03-29 20:18:03"}
{"level":"info","message":"Visiteur 1 récupéré (depuis le token)","timestamp":"2026-03-29 20:18:03"}
{"level":"info","message":"Rapport 102 mis à jour pour le visiteur 1","timestamp":"2026-03-29 20:19:24"}
{"level":"info","message":"Visiteur 1 récupéré (depuis le token)","timestamp":"2026-03-29 20:19:24"}
{"level":"info","message":"Visiteur 1 récupéré (depuis le token)","timestamp":"2026-03-29 20:19:35"}
{"level":"info","message":"Visiteur 1 récupéré (depuis le token)","timestamp":"2026-03-29 20:19:35"}
{"level":"info","message":"Visiteur 1 récupéré (depuis le token)","timestamp":"2026-03-29 20:19:52"}
{"level":"info","message":"Visiteur 1 récupéré (depuis le token)","timestamp":"2026-03-29 20:19:52"}
{"level":"info","message":"Utilisateur déconnecté","timestamp":"2026-03-29 20:19:54"}
{"level":"error","message":"[GET /api/visiteurs/account] UnauthorizedError: 401 - Token d'authentification manquant","timestamp":"2026-03-29 20:19:54"}
{"level":"error","message":"[GET /api/visiteurs/account] UnauthorizedError: 401 - Token d'authentification manquant","timestamp":"2026-03-29 20:19:54"}
{"level":"info","message":"1000 médecins récupérés","timestamp":"2026-03-29 20:19:54"}
{"level":"error","message":"[GET /api/visiteurs/account] UnauthorizedError: 401 - Token d'authentification manquant","timestamp":"2026-03-29 20:19:55"}
{"level":"error","message":"[POST /api/visiteurs/login] UnauthorizedError: 401 - Mot de passe incorrect","timestamp":"2026-03-29 20:19:59"}
{"level":"error","message":"[POST /api/visiteurs/login] UnauthorizedError: 401 - Mot de passe incorrect","timestamp":"2026-03-29 20:20:05"}
{"level":"error","message":"[POST /api/visiteurs/login] UnauthorizedError: 401 - Mot de passe incorrect","timestamp":"2026-03-29 20:20:07"}
{"level":"error","message":"[POST /api/visiteurs/login] UnauthorizedError: 401 - Mot de passe incorrect","timestamp":"2026-03-29 20:20:07"}
{"level":"error","message":"[POST /api/visiteurs/login] UnauthorizedError: 401 - Mot de passe incorrect","timestamp":"2026-03-29 20:20:17"}
{"level":"error","message":"[POST /api/visiteurs/login] UnauthorizedError: 401 - Mot de passe incorrect","timestamp":"2026-03-29 20:20:18"}
{"level":"error","message":"[POST /api/visiteurs/login] UnauthorizedError: 401 - Mot de passe incorrect","timestamp":"2026-03-29 20:20:21"}
{"level":"info","message":"Visiteur dandre connecté","timestamp":"2026-03-29 20:20:39"}
{"level":"info","message":"Visiteur 2 récupéré (depuis le token)","timestamp":"2026-03-29 20:20:41"}
{"level":"info","message":"1000 médecins récupérés","timestamp":"2026-03-29 20:20:41"}
{"level":"info","message":"Visiteur 2 récupéré (depuis le token)","timestamp":"2026-03-29 20:20:44"}
{"level":"info","message":"Visiteur 2 récupéré (depuis le token)","timestamp":"2026-03-29 20:20:44"}
{"level":"info","message":"Rapport 45 mis à jour pour le visiteur 2","timestamp":"2026-03-29 20:20:58"}
{"level":"info","message":"Visiteur 2 récupéré (depuis le token)","timestamp":"2026-03-29 20:20:58"}
{"level":"info","message":"Rapport 45 mis à jour pour le visiteur 2","timestamp":"2026-03-29 20:23:32"}
{"level":"info","message":"Visiteur 2 récupéré (depuis le token)","timestamp":"2026-03-29 20:23:32"}
{"level":"info","message":"Rapport 45 supprimé pour le visiteur 2","timestamp":"2026-03-29 20:23:36"}
{"level":"info","message":"Visiteur 2 récupéré (depuis le token)","timestamp":"2026-03-29 20:23:36"}
{"level":"info","message":"Visiteur 2 récupéré (depuis le token)","timestamp":"2026-03-29 20:23:49"}
{"level":"info","message":"Visiteur 2 récupéré (depuis le token)","timestamp":"2026-03-29 20:23:49"}
{"level":"info","message":"Visiteur 2 récupéré (depuis le token)","timestamp":"2026-03-29 20:24:00"}
{"level":"info","message":"1000 médecins récupérés","timestamp":"2026-03-29 20:24:00"}
{"level":"info","message":"1000 médecins récupérés","timestamp":"2026-03-29 20:31:53"}
{"level":"info","message":"Visiteur 2 récupéré (depuis le token)","timestamp":"2026-03-29 20:31:53"}
{"level":"info","message":"1000 médecins récupérés","timestamp":"2026-03-29 20:33:18"}
{"level":"info","message":"Médecin 15 récupéré","timestamp":"2026-03-29 20:34:06"}
{"level":"info","message":"Visiteur 2 récupéré (depuis le token)","timestamp":"2026-03-29 20:34:42"}
{"level":"info","message":"1000 médecins récupérés","timestamp":"2026-03-29 20:34:42"}
{"level":"info","message":"Visiteur 2 récupéré (depuis le token)","timestamp":"2026-03-29 20:41:10"}
{"level":"info","message":"Visiteur 2 récupéré (depuis le token)","timestamp":"2026-03-29 20:41:10"}
{"level":"info","message":"Visiteur 2 récupéré (depuis le token)","timestamp":"2026-03-29 20:42:13"}
{"level":"info","message":"1000 médecins récupérés","timestamp":"2026-03-29 20:42:13"}
{"level":"info","message":"Médecin 46 récupéré","timestamp":"2026-03-29 20:42:17"}
{"level":"info","message":"Visiteur 2 récupéré (depuis le token)","timestamp":"2026-03-29 20:42:17"}
{"level":"info","message":"1000 médecins récupérés","timestamp":"2026-03-29 20:42:57"}
{"level":"info","message":"Visiteur 2 récupéré (depuis le token)","timestamp":"2026-03-29 20:42:57"}
{"level":"info","message":"Médecin 1 récupéré","timestamp":"2026-03-29 20:42:58"}
{"level":"info","message":"Visiteur 2 récupéré (depuis le token)","timestamp":"2026-03-29 20:42:58"}
{"level":"info","message":"Visiteur 2 récupéré (depuis le token)","timestamp":"2026-03-29 20:43:00"}
{"level":"info","message":"1000 médecins récupérés","timestamp":"2026-03-29 20:43:00"}
{"level":"info","message":"Visiteur 2 récupéré (depuis le token)","timestamp":"2026-03-29 20:43:01"}
{"level":"info","message":"Médecin 2 récupéré","timestamp":"2026-03-29 20:43:01"}
{"level":"info","message":"Visiteur 2 récupéré (depuis le token)","timestamp":"2026-03-29 20:43:02"}
{"level":"info","message":"1000 médecins récupérés","timestamp":"2026-03-29 20:43:02"}
{"level":"info","message":"Médecin 4 récupéré","timestamp":"2026-03-29 20:43:03"}
{"level":"info","message":"Visiteur 2 récupéré (depuis le token)","timestamp":"2026-03-29 20:43:03"}
{"level":"info","message":"1000 médecins récupérés","timestamp":"2026-03-29 20:43:06"}
{"level":"info","message":"Visiteur 2 récupéré (depuis le token)","timestamp":"2026-03-29 20:43:06"}
{"level":"info","message":"Médecin 2 récupéré","timestamp":"2026-03-29 20:43:06"}
{"level":"info","message":"Visiteur 2 récupéré (depuis le token)","timestamp":"2026-03-29 20:43:06"}
{"level":"info","message":"Visiteur 2 récupéré (depuis le token)","timestamp":"2026-03-29 20:43:10"}
{"level":"info","message":"1000 médecins récupérés","timestamp":"2026-03-29 20:43:10"}
{"level":"info","message":"Médecin 16 récupéré","timestamp":"2026-03-29 20:43:11"}
{"level":"info","message":"Visiteur 2 récupéré (depuis le token)","timestamp":"2026-03-29 20:43:11"}
{"level":"info","message":"1000 médecins récupérés","timestamp":"2026-03-29 20:43:13"}
{"level":"info","message":"Visiteur 2 récupéré (depuis le token)","timestamp":"2026-03-29 20:43:13"}
{"level":"info","message":"Visiteur 2 récupéré (depuis le token)","timestamp":"2026-03-29 20:43:14"}
{"level":"info","message":"Médecin 26 récupéré","timestamp":"2026-03-29 20:43:14"}
{"level":"info","message":"Visiteur 2 récupéré (depuis le token)","timestamp":"2026-03-29 20:43:15"}
{"level":"info","message":"1000 médecins récupérés","timestamp":"2026-03-29 20:43:15"}
{"level":"info","message":"Médecin 1 récupéré","timestamp":"2026-03-29 20:43:29"}
{"level":"info","message":"Visiteur 2 récupéré (depuis le token)","timestamp":"2026-03-29 20:43:29"}
{"level":"info","message":"1000 médecins récupérés","timestamp":"2026-03-29 20:44:19"}
{"level":"info","message":"Visiteur 2 récupéré (depuis le token)","timestamp":"2026-03-29 20:44:19"}
{"level":"info","message":"Médecin 15 récupéré","timestamp":"2026-03-29 20:44:20"}
{"level":"info","message":"Visiteur 2 récupéré (depuis le token)","timestamp":"2026-03-29 20:44:20"}
{"level":"info","message":"Visiteur 2 récupéré (depuis le token)","timestamp":"2026-03-29 20:44:23"}
{"level":"info","message":"1000 médecins récupérés","timestamp":"2026-03-29 20:44:23"}
{"level":"info","message":"Médecin 32 récupéré","timestamp":"2026-03-29 20:44:25"}
{"level":"info","message":"Visiteur 2 récupéré (depuis le token)","timestamp":"2026-03-29 20:44:25"}
{"level":"info","message":"Visiteur 2 récupéré (depuis le token)","timestamp":"2026-03-29 20:44:31"}
{"level":"info","message":"1000 médecins récupérés","timestamp":"2026-03-29 20:44:31"}
{"level":"info","message":"Visiteur 2 récupéré (depuis le token)","timestamp":"2026-03-29 20:45:29"}
{"level":"info","message":"Médecin 4 récupéré","timestamp":"2026-03-29 20:45:29"}
{"level":"info","message":"1000 médecins récupérés","timestamp":"2026-03-29 20:51:32"}
{"level":"info","message":"Visiteur 2 récupéré (depuis le token)","timestamp":"2026-03-29 20:51:32"}
{"level":"info","message":"Visiteur 2 récupéré (depuis le token)","timestamp":"2026-03-29 20:51:36"}
{"level":"info","message":"Visiteur 2 récupéré (depuis le token)","timestamp":"2026-03-29 20:51:36"}
{"level":"info","message":"Médecin 7 récupéré","timestamp":"2026-03-29 20:51:36"}
{"level":"info","message":"1000 médecins récupérés","timestamp":"2026-03-29 20:51:40"}
{"level":"info","message":"Visiteur 2 récupéré (depuis le token)","timestamp":"2026-03-29 20:51:40"}
{"level":"info","message":"Visiteur 2 récupéré (depuis le token)","timestamp":"2026-03-29 20:51:41"}
{"level":"info","message":"Visiteur 2 récupéré (depuis le token)","timestamp":"2026-03-29 20:51:41"}
{"level":"info","message":"Médecin 16 récupéré","timestamp":"2026-03-29 20:51:41"}
{"level":"info","message":"1000 médecins récupérés","timestamp":"2026-03-29 20:51:48"}
{"level":"info","message":"Visiteur 2 récupéré (depuis le token)","timestamp":"2026-03-29 20:51:48"}
{"level":"info","message":"Visiteur 2 récupéré (depuis le token)","timestamp":"2026-03-29 20:51:49"}
{"level":"info","message":"Visiteur 2 récupéré (depuis le token)","timestamp":"2026-03-29 20:51:49"}
{"level":"info","message":"Médecin 4 récupéré","timestamp":"2026-03-29 20:51:49"}
{"level":"info","message":"Visiteur 2 récupéré (depuis le token)","timestamp":"2026-03-29 20:51:51"}
{"level":"info","message":"1000 médecins récupérés","timestamp":"2026-03-29 20:51:51"}
{"level":"info","message":"Visiteur 2 récupéré (depuis le token)","timestamp":"2026-03-29 20:51:52"}
{"level":"info","message":"Visiteur 2 récupéré (depuis le token)","timestamp":"2026-03-29 20:51:52"}
{"level":"info","message":"Médecin 1 récupéré","timestamp":"2026-03-29 20:51:52"}
{"level":"info","message":"Visiteur 2 récupéré (depuis le token)","timestamp":"2026-03-29 20:51:53"}
{"level":"info","message":"1000 médecins récupérés","timestamp":"2026-03-29 20:51:53"}
{"level":"info","message":"Visiteur 2 récupéré (depuis le token)","timestamp":"2026-03-29 20:51:58"}
{"level":"info","message":"Visiteur 2 récupéré (depuis le token)","timestamp":"2026-03-29 20:51:58"}
{"level":"info","message":"Médecin 28 récupéré","timestamp":"2026-03-29 20:51:58"}
{"level":"info","message":"Nouveau rapport créé pour le visiteur 2","timestamp":"2026-03-29 20:52:45"}
{"level":"info","message":"Visiteur 2 récupéré (depuis le token)","timestamp":"2026-03-29 20:52:46"}
{"level":"info","message":"Médecin 28 récupéré","timestamp":"2026-03-29 20:52:46"}
{"level":"info","message":"Visiteur 2 récupéré (depuis le token)","timestamp":"2026-03-29 21:03:13"}
{"level":"info","message":"Visiteur 2 récupéré (depuis le token)","timestamp":"2026-03-29 21:03:13"}
{"level":"info","message":"Médecin 28 récupéré","timestamp":"2026-03-29 21:03:13"}
{"level":"info","message":"Utilisateur déconnecté","timestamp":"2026-03-29 21:03:20"}
{"level":"error","message":"[GET /api/visiteurs/account] UnauthorizedError: 401 - Token d'authentification manquant","timestamp":"2026-03-29 21:03:20"}
{"level":"error","message":"[GET /api/visiteurs/account] UnauthorizedError: 401 - Token d'authentification manquant","timestamp":"2026-03-29 21:03:20"}
{"level":"error","message":"[GET /api/visiteurs/account] UnauthorizedError: 401 - Token d'authentification manquant","timestamp":"2026-03-29 21:03:20"}
{"level":"info","message":"1000 médecins récupérés","timestamp":"2026-03-29 21:03:20"}
{"level":"error","message":"[GET /api/visiteurs/account] UnauthorizedError: 401 - Token d'authentification manquant","timestamp":"2026-03-29 21:03:24"}
{"level":"info","message":"Visiteur aribiA connecté","timestamp":"2026-03-29 21:03:28"}
{"level":"info","message":"Visiteur 1 récupéré (depuis le token)","timestamp":"2026-03-29 21:03:30"}
{"level":"info","message":"Visiteur 1 récupéré (depuis le token)","timestamp":"2026-03-29 21:03:30"}
{"level":"info","message":"1000 médecins récupérés","timestamp":"2026-03-29 21:03:30"}
{"level":"info","message":"Visiteur 1 récupéré (depuis le token)","timestamp":"2026-03-29 21:03:35"}
{"level":"info","message":"Visiteur 1 récupéré (depuis le token)","timestamp":"2026-03-29 21:03:35"}
{"level":"info","message":"Médecin 18 récupéré","timestamp":"2026-03-29 21:03:35"}
{"level":"info","message":"Visiteur 1 récupéré (depuis le token)","timestamp":"2026-03-29 21:04:56"}
{"level":"info","message":"Visiteur 1 récupéré (depuis le token)","timestamp":"2026-03-29 21:04:56"}
{"level":"info","message":"Médecin 18 récupéré","timestamp":"2026-03-29 21:04:56"}
{"level":"info","message":"Visiteur 1 récupéré (depuis le token)","timestamp":"2026-03-29 21:04:59"}
{"level":"info","message":"Visiteur 1 récupéré (depuis le token)","timestamp":"2026-03-29 21:04:59"}
{"level":"info","message":"Visiteur 1 récupéré (depuis le token)","timestamp":"2026-03-29 21:05:05"}
{"level":"info","message":"Visiteur 1 récupéré (depuis le token)","timestamp":"2026-03-29 21:05:05"}
{"level":"info","message":"1000 médecins récupérés","timestamp":"2026-03-29 21:05:05"}
{"level":"info","message":"Visiteur 1 récupéré (depuis le token)","timestamp":"2026-03-29 21:05:08"}
{"level":"info","message":"Visiteur 1 récupéré (depuis le token)","timestamp":"2026-03-29 21:05:08"}
{"level":"info","message":"Médecin 2 récupéré","timestamp":"2026-03-29 21:05:08"}
{"level":"info","message":"Visiteur 1 récupéré (depuis le token)","timestamp":"2026-03-29 21:05:12"}
{"level":"info","message":"Visiteur 1 récupéré (depuis le token)","timestamp":"2026-03-29 21:05:12"}
{"level":"info","message":"1000 médecins récupérés","timestamp":"2026-03-29 21:05:12"}
{"level":"info","message":"Utilisateur déconnecté","timestamp":"2026-03-29 21:05:23"}
{"level":"error","message":"[GET /api/visiteurs/account] UnauthorizedError: 401 - Token d'authentification manquant","timestamp":"2026-03-29 21:05:23"}
{"level":"error","message":"[GET /api/visiteurs/account] UnauthorizedError: 401 - Token d'authentification manquant","timestamp":"2026-03-29 21:05:23"}
{"level":"error","message":"[GET /api/visiteurs/account] UnauthorizedError: 401 - Token d'authentification manquant","timestamp":"2026-03-29 21:05:23"}
{"level":"info","message":"1000 médecins récupérés","timestamp":"2026-03-29 21:05:23"}
{"level":"error","message":"[GET /api/visiteurs/account] UnauthorizedError: 401 - Token d'authentification manquant","timestamp":"2026-03-29 21:05:24"}
{"level":"info","message":"Visiteur aribiA connecté","timestamp":"2026-03-29 21:05:28"}
{"level":"info","message":"Visiteur 1 récupéré (depuis le token)","timestamp":"2026-03-29 21:05:29"}
{"level":"info","message":"Visiteur 1 récupéré (depuis le token)","timestamp":"2026-03-29 21:05:29"}
{"level":"info","message":"1000 médecins récupérés","timestamp":"2026-03-29 21:05:29"}
{"level":"info","message":"Visiteur 1 récupéré (depuis le token)","timestamp":"2026-03-29 21:05:31"}
{"level":"info","message":"Visiteur 1 récupéré (depuis le token)","timestamp":"2026-03-29 21:05:31"}
{"level":"info","message":"Médecin 3 récupéré","timestamp":"2026-03-29 21:05:31"}
{"level":"info","message":"Utilisateur déconnecté","timestamp":"2026-03-29 21:05:35"}
{"level":"error","message":"[GET /api/visiteurs/account] UnauthorizedError: 401 - Token d'authentification manquant","timestamp":"2026-03-29 21:05:35"}
{"level":"error","message":"[GET /api/visiteurs/account] UnauthorizedError: 401 - Token d'authentification manquant","timestamp":"2026-03-29 21:05:35"}
{"level":"error","message":"[GET /api/visiteurs/account] UnauthorizedError: 401 - Token d'authentification manquant","timestamp":"2026-03-29 21:05:35"}
{"level":"info","message":"1000 médecins récupérés","timestamp":"2026-03-29 21:05:35"}
{"level":"error","message":"[GET /api/visiteurs/account] UnauthorizedError: 401 - Token d'authentification manquant","timestamp":"2026-03-29 21:05:36"}
{"level":"error","message":"[GET /api/visiteurs/account] UnauthorizedError: 401 - Token d'authentification manquant","timestamp":"2026-03-29 21:05:43"}
{"level":"error","message":"[GET /api/visiteurs/account] UnauthorizedError: 401 - Token d'authentification manquant","timestamp":"2026-03-29 21:05:43"}
{"level":"info","message":"1000 médecins récupérés","timestamp":"2026-03-29 21:05:43"}
{"level":"error","message":"[GET /api/visiteurs/account] UnauthorizedError: 401 - Token d'authentification manquant","timestamp":"2026-03-29 21:05:56"}
{"level":"info","message":"Visiteur cbedos connecté","timestamp":"2026-03-29 21:06:04"}
{"level":"info","message":"Visiteur 3 récupéré (depuis le token)","timestamp":"2026-03-29 21:06:06"}
{"level":"info","message":"Visiteur 3 récupéré (depuis le token)","timestamp":"2026-03-29 21:06:06"}
{"level":"info","message":"1000 médecins récupérés","timestamp":"2026-03-29 21:06:06"}
{"level":"info","message":"Visiteur 3 récupéré (depuis le token)","timestamp":"2026-03-29 21:06:09"}
{"level":"info","message":"Visiteur 3 récupéré (depuis le token)","timestamp":"2026-03-29 21:06:09"}
{"level":"info","message":"Médecin 2 récupéré","timestamp":"2026-03-29 21:06:09"}
{"level":"info","message":"Visiteur 3 récupéré (depuis le token)","timestamp":"2026-03-29 21:06:13"}
{"level":"info","message":"Visiteur 3 récupéré (depuis le token)","timestamp":"2026-03-29 21:06:13"}
{"level":"info","message":"1000 médecins récupérés","timestamp":"2026-03-29 21:06:13"}
{"level":"info","message":"Visiteur 3 récupéré (depuis le token)","timestamp":"2026-03-29 21:06:14"}
{"level":"info","message":"Visiteur 3 récupéré (depuis le token)","timestamp":"2026-03-29 21:06:14"}
{"level":"info","message":"Médecin 3 récupéré","timestamp":"2026-03-29 21:06:14"}
{"level":"info","message":"Visiteur 3 récupéré (depuis le token)","timestamp":"2026-03-29 21:14:02"}
{"level":"info","message":"Visiteur 3 récupéré (depuis le token)","timestamp":"2026-03-29 21:14:02"}
{"level":"info","message":"Médecin 3 récupéré","timestamp":"2026-03-29 21:14:02"}
{"level":"info","message":"Visiteur 3 récupéré (depuis le token)","timestamp":"2026-03-29 21:14:04"}
{"level":"info","message":"Visiteur 3 récupéré (depuis le token)","timestamp":"2026-03-29 21:17:07"}
{"level":"info","message":"Visiteur 3 récupéré (depuis le token)","timestamp":"2026-03-29 21:17:07"}
{"level":"info","message":"Médecin 3 récupéré","timestamp":"2026-03-29 21:17:07"}
{"level":"info","message":"Visiteur 3 récupéré (depuis le token)","timestamp":"2026-03-29 21:20:08"}
{"level":"info","message":"Nouveau rapport créé pour le visiteur 3","timestamp":"2026-03-29 21:20:24"}
{"level":"info","message":"Visiteur 3 récupéré (depuis le token)","timestamp":"2026-03-29 21:20:25"}
{"level":"info","message":"Médecin 3 récupéré","timestamp":"2026-03-29 21:20:25"}
{"level":"info","message":"Visiteur 3 récupéré (depuis le token)","timestamp":"2026-03-29 21:20:38"}
{"level":"info","message":"Visiteur 3 récupéré (depuis le token)","timestamp":"2026-03-29 21:20:38"}
{"level":"info","message":"1000 médecins récupérés","timestamp":"2026-03-29 21:20:38"}
{"level":"info","message":"Visiteur 3 récupéré (depuis le token)","timestamp":"2026-03-29 21:22:26"}
{"level":"info","message":"Visiteur 3 récupéré (depuis le token)","timestamp":"2026-03-29 21:22:26"}
{"level":"info","message":"Médecin 8 récupéré","timestamp":"2026-03-29 21:22:26"}
{"level":"info","message":"Visiteur 3 récupéré (depuis le token)","timestamp":"2026-03-29 21:22:28"}
{"level":"info","message":"Visiteur 3 récupéré (depuis le token)","timestamp":"2026-03-29 21:27:42"}
{"level":"info","message":"Visiteur 3 récupéré (depuis le token)","timestamp":"2026-03-29 21:27:42"}
{"level":"info","message":"Médecin 8 récupéré","timestamp":"2026-03-29 21:27:42"}
{"level":"info","message":"Utilisateur déconnecté","timestamp":"2026-03-29 21:27:47"}
{"level":"error","message":"[GET /api/visiteurs/account] UnauthorizedError: 401 - Token d'authentification manquant","timestamp":"2026-03-29 21:27:47"}
{"level":"error","message":"[GET /api/visiteurs/account] UnauthorizedError: 401 - Token d'authentification manquant","timestamp":"2026-03-29 21:27:47"}
{"level":"error","message":"[GET /api/visiteurs/account] UnauthorizedError: 401 - Token d'authentification manquant","timestamp":"2026-03-29 21:27:47"}
{"level":"info","message":"1000 médecins récupérés","timestamp":"2026-03-29 21:27:47"}
{"level":"error","message":"[GET /api/visiteurs/account] UnauthorizedError: 401 - Token d'authentification manquant","timestamp":"2026-03-29 21:27:48"}
{"level":"info","message":"Visiteur aribiA connecté","timestamp":"2026-03-29 21:27:57"}
{"level":"info","message":"Visiteur 1 récupéré (depuis le token)","timestamp":"2026-03-29 21:28:01"}
{"level":"info","message":"Visiteur 1 récupéré (depuis le token)","timestamp":"2026-03-29 21:28:01"}
{"level":"info","message":"1000 médecins récupérés","timestamp":"2026-03-29 21:28:01"}
{"level":"info","message":"Visiteur 1 récupéré (depuis le token)","timestamp":"2026-03-29 21:29:05"}
{"level":"info","message":"Visiteur 1 récupéré (depuis le token)","timestamp":"2026-03-29 21:29:05"}
{"level":"info","message":"Médecin 3 récupéré","timestamp":"2026-03-29 21:29:05"}
{"level":"info","message":"Visiteur 1 récupéré (depuis le token)","timestamp":"2026-03-29 21:29:31"}
{"level":"info","message":"Visiteur 1 récupéré (depuis le token)","timestamp":"2026-03-29 21:29:31"}
{"level":"info","message":"Visiteur 1 récupéré (depuis le token)","timestamp":"2026-03-29 21:30:18"}
{"level":"info","message":"Visiteur 1 récupéré (depuis le token)","timestamp":"2026-03-29 21:30:18"}
{"level":"info","message":"1000 médecins récupérés","timestamp":"2026-03-29 21:30:18"}
{"level":"info","message":"Visiteur 1 récupéré (depuis le token)","timestamp":"2026-03-29 21:30:19"}
{"level":"info","message":"Visiteur 1 récupéré (depuis le token)","timestamp":"2026-03-29 21:30:19"}
{"level":"info","message":"Médecin 2 récupéré","timestamp":"2026-03-29 21:30:19"}
{"level":"info","message":"Visiteur 1 récupéré (depuis le token)","timestamp":"2026-03-29 21:30:21"}
{"level":"info","message":"Visiteur 1 récupéré (depuis le token)","timestamp":"2026-03-29 21:30:21"}
{"level":"info","message":"1000 médecins récupérés","timestamp":"2026-03-29 21:30:21"}
{"level":"info","message":"Visiteur 1 récupéré (depuis le token)","timestamp":"2026-03-29 21:30:30"}
{"level":"info","message":"Visiteur 1 récupéré (depuis le token)","timestamp":"2026-03-29 21:30:30"}
{"level":"info","message":"Médecin 4 récupéré","timestamp":"2026-03-29 21:30:30"}
{"level":"info","message":"Visiteur 1 récupéré (depuis le token)","timestamp":"2026-03-29 21:30:32"}
{"level":"info","message":"Visiteur 1 récupéré (depuis le token)","timestamp":"2026-03-29 21:30:51"}
{"level":"info","message":"Visiteur 1 récupéré (depuis le token)","timestamp":"2026-03-29 21:30:52"}
{"level":"info","message":"1000 médecins récupérés","timestamp":"2026-03-29 21:30:52"}
{"level":"info","message":"Visiteur 1 récupéré (depuis le token)","timestamp":"2026-03-29 21:30:55"}
{"level":"info","message":"Visiteur 1 récupéré (depuis le token)","timestamp":"2026-03-29 21:30:55"}
{"level":"info","message":"Médecin 4 récupéré","timestamp":"2026-03-29 21:30:55"}
{"level":"error","message":"[GET /api/visiteurs/account] UnauthorizedError: 401 - Token d'authentification manquant","timestamp":"2026-03-29 21:56:43"}
{"level":"error","message":"[GET /api/visiteurs/account] UnauthorizedError: 401 - Token d'authentification manquant","timestamp":"2026-03-29 21:56:43"}
{"level":"error","message":"[GET /api/medecin/4] UnauthorizedError: 401 - Token d'authentification manquant","timestamp":"2026-03-29 21:56:43"}
{"level":"error","message":"[GET /api/visiteurs/account] UnauthorizedError: 401 - Token d'authentification manquant","timestamp":"2026-03-29 21:56:46"}
{"level":"info","message":"Visiteur aribiA connecté","timestamp":"2026-03-29 21:56:50"}
{"level":"info","message":"Visiteur 1 récupéré (depuis le token)","timestamp":"2026-03-29 21:56:51"}
{"level":"info","message":"Visiteur 1 récupéré (depuis le token)","timestamp":"2026-03-29 21:56:51"}
{"level":"info","message":"1000 médecins récupérés","timestamp":"2026-03-29 21:56:51"}
{"level":"info","message":"Visiteur 1 récupéré (depuis le token)","timestamp":"2026-03-29 21:56:53"}
{"level":"info","message":"Visiteur 1 récupéré (depuis le token)","timestamp":"2026-03-29 21:56:53"}
{"level":"info","message":"Médecin 2 récupéré","timestamp":"2026-03-29 21:56:53"}
{"level":"info","message":"Visiteur 1 récupéré (depuis le token)","timestamp":"2026-03-29 21:56:54"}
{"level":"info","message":"Visiteur 1 récupéré (depuis le token)","timestamp":"2026-03-29 21:56:58"}
{"level":"info","message":"Visiteur 1 récupéré (depuis le token)","timestamp":"2026-03-29 21:56:58"}
{"level":"info","message":"1000 médecins récupérés","timestamp":"2026-03-29 21:56:58"}
{"level":"info","message":"Recherche effectuée pour: \"c\" - 377 résultats trouvés","timestamp":"2026-03-29 21:57:00"}
{"level":"info","message":"Recherche effectuée pour: \"ca\" - 107 résultats trouvés","timestamp":"2026-03-29 21:57:01"}
{"level":"info","message":"Recherche effectuée pour: \"cam\" - 14 résultats trouvés","timestamp":"2026-03-29 21:57:01"}
{"level":"info","message":"Recherche effectuée pour: \"cami\" - 11 résultats trouvés","timestamp":"2026-03-29 21:57:01"}
{"level":"info","message":"Recherche effectuée pour: \"camil\" - 11 résultats trouvés","timestamp":"2026-03-29 21:57:01"}
{"level":"info","message":"Recherche effectuée pour: \"camill\" - 11 résultats trouvés","timestamp":"2026-03-29 21:57:01"}
{"level":"info","message":"Recherche effectuée pour: \"camille\" - 11 résultats trouvés","timestamp":"2026-03-29 21:57:01"}
{"level":"info","message":"Recherche effectuée pour: \"a\" - 888 résultats trouvés","timestamp":"2026-03-29 21:57:17"}
{"level":"info","message":"Recherche effectuée pour: \"al\" - 151 résultats trouvés","timestamp":"2026-03-29 21:57:17"}
{"level":"info","message":"Recherche effectuée pour: \"ali\" - 72 résultats trouvés","timestamp":"2026-03-29 21:57:17"}
{"level":"info","message":"Recherche effectuée pour: \"alic\" - 15 résultats trouvés","timestamp":"2026-03-29 21:57:17"}
{"level":"info","message":"Recherche effectuée pour: \"alice\" - 15 résultats trouvés","timestamp":"2026-03-29 21:57:17"}
{"level":"info","message":"Recherche effectuée pour: \"m\" - 370 résultats trouvés","timestamp":"2026-03-29 21:57:23"}
{"level":"info","message":"Recherche effectuée pour: \"mo\" - 64 résultats trouvés","timestamp":"2026-03-29 21:57:23"}
{"level":"info","message":"Recherche effectuée pour: \"moh\" - 9 résultats trouvés","timestamp":"2026-03-29 21:57:23"}
{"level":"info","message":"Recherche effectuée pour: \"moha\" - 9 résultats trouvés","timestamp":"2026-03-29 21:57:23"}
{"level":"info","message":"Recherche effectuée pour: \"moham\" - 9 résultats trouvés","timestamp":"2026-03-29 21:57:23"}
{"level":"info","message":"Recherche effectuée pour: \"mohame\" - 1 résultats trouvés","timestamp":"2026-03-29 21:57:23"}
{"level":"info","message":"Recherche effectuée pour: \"mohamed\" - 1 résultats trouvés","timestamp":"2026-03-29 21:57:24"}
{"level":"info","message":"Recherche effectuée pour: \"mohame\" - 1 résultats trouvés","timestamp":"2026-03-29 21:57:25"}
{"level":"info","message":"Recherche effectuée pour: \"moham\" - 9 résultats trouvés","timestamp":"2026-03-29 21:57:25"}
{"level":"info","message":"Recherche effectuée pour: \"mohame\" - 1 résultats trouvés","timestamp":"2026-03-29 21:57:26"}
{"level":"info","message":"Recherche effectuée pour: \"mohamed\" - 1 résultats trouvés","timestamp":"2026-03-29 21:57:26"}
{"level":"info","message":"Visiteur 1 récupéré (depuis le token)","timestamp":"2026-03-29 21:57:31"}
{"level":"info","message":"Visiteur 1 récupéré (depuis le token)","timestamp":"2026-03-29 21:57:31"}
{"level":"info","message":"Médecin 307 récupéré","timestamp":"2026-03-29 21:57:31"}
{"level":"info","message":"Recherche effectuée pour: \"c\" - 377 résultats trouvés","timestamp":"2026-03-29 21:59:04"}
{"level":"info","message":"Recherche effectuée pour: \"ca\" - 107 résultats trouvés","timestamp":"2026-03-29 21:59:04"}
{"level":"info","message":"Recherche effectuée pour: \"car\" - 31 résultats trouvés","timestamp":"2026-03-29 21:59:05"}
{"level":"info","message":"Recherche effectuée pour: \"caro\" - 12 résultats trouvés","timestamp":"2026-03-29 21:59:05"}
{"level":"info","message":"Recherche effectuée pour: \"carol\" - 12 résultats trouvés","timestamp":"2026-03-29 21:59:05"}
{"level":"info","message":"Recherche effectuée pour: \"carole\" - 12 résultats trouvés","timestamp":"2026-03-29 21:59:05"}
{"level":"info","message":"Recherche effectuée pour: \"carole\" - 12 résultats trouvés","timestamp":"2026-03-29 21:59:08"}
{"level":"info","message":"Recherche effectuée pour: \"carole s\" - 0 résultats trouvés","timestamp":"2026-03-29 21:59:08"}
{"level":"info","message":"Recherche effectuée pour: \"carole sa\" - 0 résultats trouvés","timestamp":"2026-03-29 21:59:08"}
{"level":"info","message":"Recherche effectuée pour: \"carole sai\" - 0 résultats trouvés","timestamp":"2026-03-29 21:59:08"}
{"level":"info","message":"Recherche effectuée pour: \"carole said\" - 0 résultats trouvés","timestamp":"2026-03-29 21:59:08"}
{"level":"info","message":"Recherche effectuée pour: \"carole saidf\" - 0 résultats trouvés","timestamp":"2026-03-29 21:59:08"}
{"level":"info","message":"Recherche effectuée pour: \"carole said\" - 0 résultats trouvés","timestamp":"2026-03-29 21:59:09"}
{"level":"info","message":"Recherche effectuée pour: \"carole sai\" - 0 résultats trouvés","timestamp":"2026-03-29 21:59:10"}
{"level":"info","message":"Recherche effectuée pour: \"carole sa\" - 0 résultats trouvés","timestamp":"2026-03-29 21:59:10"}
{"level":"info","message":"Recherche effectuée pour: \"carole s\" - 0 résultats trouvés","timestamp":"2026-03-29 21:59:10"}
{"level":"info","message":"Recherche effectuée pour: \"carole\" - 12 résultats trouvés","timestamp":"2026-03-29 21:59:11"}
{"level":"info","message":"Recherche effectuée pour: \"carole s\" - 0 résultats trouvés","timestamp":"2026-03-29 21:59:17"}
{"level":"info","message":"Recherche effectuée pour: \"carole\" - 12 résultats trouvés","timestamp":"2026-03-29 21:59:18"}
{"level":"info","message":"Recherche effectuée pour: \"carole\" - 12 résultats trouvés","timestamp":"2026-03-29 21:59:20"}
{"level":"info","message":"Recherche effectuée pour: \"carol\" - 12 résultats trouvés","timestamp":"2026-03-29 21:59:20"}
{"level":"info","message":"Recherche effectuée pour: \"caro\" - 12 résultats trouvés","timestamp":"2026-03-29 21:59:20"}
{"level":"info","message":"Recherche effectuée pour: \"car\" - 31 résultats trouvés","timestamp":"2026-03-29 21:59:20"}
{"level":"info","message":"Recherche effectuée pour: \"ca\" - 107 résultats trouvés","timestamp":"2026-03-29 21:59:20"}
{"level":"info","message":"Recherche effectuée pour: \"c\" - 377 résultats trouvés","timestamp":"2026-03-29 21:59:20"}
{"level":"info","message":"Recherche effectuée pour: \"s\" - 410 résultats trouvés","timestamp":"2026-03-29 21:59:21"}
{"level":"info","message":"Recherche effectuée pour: \"sa\" - 71 résultats trouvés","timestamp":"2026-03-29 21:59:21"}
{"level":"info","message":"Recherche effectuée pour: \"sai\" - 2 résultats trouvés","timestamp":"2026-03-29 21:59:21"}
{"level":"info","message":"Recherche effectuée pour: \"said\" - 2 résultats trouvés","timestamp":"2026-03-29 21:59:21"}
{"level":"info","message":"Recherche effectuée pour: \"sai\" - 2 résultats trouvés","timestamp":"2026-03-29 21:59:23"}
{"level":"info","message":"Recherche effectuée pour: \"sa\" - 71 résultats trouvés","timestamp":"2026-03-29 21:59:23"}
{"level":"info","message":"Recherche effectuée pour: \"s\" - 410 résultats trouvés","timestamp":"2026-03-29 21:59:23"}
{"level":"info","message":"Recherche effectuée pour: \"m\" - 370 résultats trouvés","timestamp":"2026-03-29 21:59:24"}
{"level":"info","message":"Recherche effectuée pour: \"ma\" - 137 résultats trouvés","timestamp":"2026-03-29 21:59:24"}
{"level":"info","message":"Recherche effectuée pour: \"mar\" - 66 résultats trouvés","timestamp":"2026-03-29 21:59:24"}
{"level":"info","message":"Recherche effectuée pour: \"mart\" - 25 résultats trouvés","timestamp":"2026-03-29 21:59:25"}
{"level":"info","message":"Recherche effectuée pour: \"marti\" - 22 résultats trouvés","timestamp":"2026-03-29 21:59:25"}
{"level":"info","message":"Recherche effectuée pour: \"martin\" - 14 résultats trouvés","timestamp":"2026-03-29 21:59:25"}
{"level":"info","message":"Recherche effectuée pour: \"martin\" - 14 résultats trouvés","timestamp":"2026-03-29 21:59:25"}
{"level":"info","message":"Recherche effectuée pour: \"martin p\" - 0 résultats trouvés","timestamp":"2026-03-29 21:59:26"}
{"level":"info","message":"Recherche effectuée pour: \"martin pr\" - 0 résultats trouvés","timestamp":"2026-03-29 21:59:26"}
{"level":"info","message":"Recherche effectuée pour: \"martin pro\" - 0 résultats trouvés","timestamp":"2026-03-29 21:59:26"}
{"level":"info","message":"Recherche effectuée pour: \"martin pros\" - 0 résultats trouvés","timestamp":"2026-03-29 21:59:27"}
{"level":"info","message":"Recherche effectuée pour: \"martin prosp\" - 0 résultats trouvés","timestamp":"2026-03-29 21:59:27"}
{"level":"info","message":"Recherche effectuée pour: \"martin prospe\" - 0 résultats trouvés","timestamp":"2026-03-29 21:59:27"}
{"level":"info","message":"Recherche effectuée pour: \"martin prosper\" - 0 résultats trouvés","timestamp":"2026-03-29 21:59:27"}
{"level":"info","message":"Recherche effectuée pour: \"martin prospe\" - 0 résultats trouvés","timestamp":"2026-03-29 21:59:28"}
{"level":"info","message":"Recherche effectuée pour: \"martin prosp\" - 0 résultats trouvés","timestamp":"2026-03-29 21:59:28"}
{"level":"info","message":"Recherche effectuée pour: \"martin pros\" - 0 résultats trouvés","timestamp":"2026-03-29 21:59:28"}
{"level":"info","message":"Recherche effectuée pour: \"martin pro\" - 0 résultats trouvés","timestamp":"2026-03-29 21:59:28"}
{"level":"info","message":"Recherche effectuée pour: \"martin pr\" - 0 résultats trouvés","timestamp":"2026-03-29 21:59:28"}
{"level":"info","message":"Recherche effectuée pour: \"martin p\" - 0 résultats trouvés","timestamp":"2026-03-29 21:59:28"}
{"level":"info","message":"Recherche effectuée pour: \"martin\" - 14 résultats trouvés","timestamp":"2026-03-29 21:59:28"}
{"level":"info","message":"Recherche effectuée pour: \"martin\" - 14 résultats trouvés","timestamp":"2026-03-29 21:59:28"}
{"level":"info","message":"Recherche effectuée pour: \"marti\" - 22 résultats trouvés","timestamp":"2026-03-29 21:59:28"}
{"level":"info","message":"Recherche effectuée pour: \"mart\" - 25 résultats trouvés","timestamp":"2026-03-29 21:59:28"}
{"level":"info","message":"Recherche effectuée pour: \"mar\" - 66 résultats trouvés","timestamp":"2026-03-29 21:59:28"}
{"level":"info","message":"Recherche effectuée pour: \"ma\" - 137 résultats trouvés","timestamp":"2026-03-29 21:59:28"}
{"level":"info","message":"Recherche effectuée pour: \"m\" - 370 résultats trouvés","timestamp":"2026-03-29 21:59:28"}
