{"level":"error","message":"[POST /api/visiteurs/inscription] BadRequestError: 400 - Login et mot de passe sont requis","timestamp":"2026-03-27 17:18:53"}
{"level":"error","message":"[POST /api/visiteurs/inscription] BadRequestError: 400 - Login et mot de passe sont requis","timestamp":"2026-03-27 17:27:30"}
{"level":"error","message":"[POST /api/visiteurs/inscription] BadRequestError: 400 - Login et mot de passe sont requis","timestamp":"2026-03-27 17:35:30"}
{"level":"error","message":"Erreur Serveur : [POST /api/visiteurs/inscription] 500 - \nInvalid `prisma.visiteur.create()` invocation in\n/app/src/services/visiteur.ts:32:28\n\n  29 // Hasher le mot de passe avant de le stocker\n  30 const hashedPassword = await hashPassword(data.mdp);\n  31 \n→ 32 return prisma.visiteur.create(\nThe table `Visiteur` does not exist in the current database.","timestamp":"2026-03-27 17:37:54"}
{"level":"error","message":"Erreur Serveur : [POST /api/visiteurs/inscription] 500 - \nInvalid `prisma.visiteur.create()` invocation in\n/app/src/services/visiteur.ts:32:28\n\n  29 // Hasher le mot de passe avant de le stocker\n  30 const hashedPassword = await hashPassword(data.mdp);\n  31 \n→ 32 return prisma.visiteur.create(\nThe table `Visiteur` does not exist in the current database.","timestamp":"2026-03-27 17:39:32"}
{"level":"error","message":"[DELETE /api/visiteurs/account/28] UnauthorizedError: 401 - Token d'authentification manquant","timestamp":"2026-03-27 21:22:46"}
{"level":"error","message":"[POST /api/visiteurs/login] UnauthorizedError: 401 - Mot de passe incorrect","timestamp":"2026-03-27 21:26:47"}
{"level":"error","message":"[POST /api/visiteurs/login] UnauthorizedError: 401 - Login ou mot de passe incorrect","timestamp":"2026-03-27 21:38:58"}
{"level":"error","message":"[GET /api/familles] UnauthorizedError: 401 - Token d'authentification manquant","timestamp":"2026-03-27 21:47:59"}
{"level":"error","message":"[GET /api/familles] UnauthorizedError: 401 - Token d'authentification manquant","timestamp":"2026-03-27 21:51:04"}
{"level":"error","message":"[GET /api/familles] UnauthorizedError: 401 - Token d'authentification manquant","timestamp":"2026-03-27 21:54:14"}
{"level":"error","message":"Erreur Serveur : [GET /api/visiteurs] 500 - \nInvalid `prisma.visiteur.findMany()` invocation in\n/app/src/services/visiteur.ts:10:28\n\n   7 \n   8 // getAllVisiteurs : renvoie une liste de tous les visiteurs\n   9 export function getAllVisiteurs() {\n→ 10     return prisma.visiteur.findMany(\nValue out of range for the type: The column `dateEmbauche` contained an invalid datetime value with either day or month set to zero.","timestamp":"2026-03-27 23:02:20"}
{"level":"error","message":"Erreur Serveur : [DELETE /api/famille/AA] 500 - \nInvalid `prisma.famille.delete()` invocation in\n/app/src/services/famille.ts:39:27\n\n  36 \n  37 // deleteFamilleByID : supprime une famille en fonction de son ID\n  38 export function deleteFamilleByID (id: string): Promise<Famille> {\n→ 39     return prisma.famille.delete(\nForeign key constraint violated on the fields: (`idFamille`)","timestamp":"2026-03-28 01:40:33"}
{"level":"error","message":"[POST /api/medicament] UnauthorizedError: 401 - Token d'authentification manquant","timestamp":"2026-03-28 02:28:31"}
{"level":"error","message":"[GET /api/familles] UnauthorizedError: 401 - Token invalide","timestamp":"2026-03-28 02:58:38"}
{"level":"error","message":"[POST /api/rapport] BadRequestError: 400 - Tous les champs sont requis","timestamp":"2026-03-28 03:15:57"}
{"level":"error","message":"[POST /api/rapport] UnauthorizedError: 401 - Token expiré","timestamp":"2026-03-28 03:40:24"}
{"level":"error","message":"[POST /api/offrir] BadRequestError: 400 - Les données de l'offre sont requises","timestamp":"2026-03-28 03:48:30"}
{"level":"error","message":"[POST /api/offrir] BadRequestError: 400 - Les données de l'offre sont requises","timestamp":"2026-03-28 03:49:01"}
{"level":"error","message":"[POST /api/offrir] BadRequestError: 400 - Les données de l'offre sont requises","timestamp":"2026-03-28 03:59:22"}
{"level":"error","message":"Erreur Serveur : [GET /api/offrir/5] 500 - \nInvalid `prisma.offrir.findUnique()` invocation in\n/app/src/services/offrir.ts:12:26\n\n   9 \n  10 // getOffreByID : renvoie une offre en fonction de son ID\n  11 export function getOffreByID (idrapport: number, idmedicament: string): Promise<Offrir | null> {\n→ 12     return prisma.offrir.findUnique({\n           where: {\n             idrapport_idmedicament: {\n               idrapport: NaN,\n         +     idmedicament: String\n             }\n           }\n         })\n\nArgument `idmedicament` is missing.","timestamp":"2026-03-28 04:14:39"}
{"level":"error","message":"[GET /api/offrir/8/AMOXIG12] NotFoundError: 404 - Offre non trouvée","timestamp":"2026-03-28 04:19:15"}
{"level":"error","message":"Erreur Serveur : [POST /api/offrir] 500 - \nInvalid `prisma.offrir.create()` invocation in\n/app/src/services/offrir.ts:24:26\n\n  21 \n  22 // createOffre : crée une nouvelle offre à partir des données fournies\n  23 export function createOffre (data: CreateOffrirDTO): Promise<Offrir> {\n→ 24     return prisma.offrir.create(\nUnique constraint failed on the constraint: `PRIMARY`","timestamp":"2026-03-28 04:25:42"}
{"level":"error","message":"[GET /api/offrir/8/AMOXIG12] NotFoundError: 404 - Offre non trouvée","timestamp":"2026-03-28 04:27:26"}
{"level":"error","message":"[PUT /api/medecin/12] UnauthorizedError: 401 - Token expiré","timestamp":"2026-03-28 04:35:44"}
{"level":"error","message":"[PUT /api/medicament/ADIMOL9] UnauthorizedError: 401 - Token expiré","timestamp":"2026-03-28 12:18:44"}
{"level":"error","message":"[GET /api/familles] UnauthorizedError: 401 - Bad \"options.expiresIn\" option the payload already has an \"exp\" property.","timestamp":"2026-03-28 12:59:01"}
{"level":"error","message":"[GET /api/familles] UnauthorizedError: 401 - Bad \"options.expiresIn\" option the payload already has an \"exp\" property.","timestamp":"2026-03-28 13:03:14"}
{"level":"error","message":"[GET /api/famille/1] NotFoundError: 404 - Famille non trouvée","timestamp":"2026-03-28 13:11:20"}
{"level":"error","message":"[GET /api/offrir/6/963] NotFoundError: 404 - Offre non trouvée","timestamp":"2026-03-28 13:20:25"}
{"level":"error","message":"[GET /api/offrir/4/3] NotFoundError: 404 - Offre non trouvée","timestamp":"2026-03-28 13:20:51"}
{"level":"error","message":"[DELETE /api/visiteurs/28] UnauthorizedError: 401 - Vous ne pouvez supprimer que votre propre compte","timestamp":"2026-03-28 13:26:46"}
{"level":"error","message":"[DELETE /api/visiteurs/account/28] UnauthorizedError: 401 - Vous ne pouvez supprimer que votre propre compte","timestamp":"2026-03-28 13:28:10"}
{"level":"error","message":"Erreur Serveur : [DELETE /api/visiteurs/account/3] 500 - \nInvalid `prisma.visiteur.delete()` invocation in\n/app/src/services/visiteur.ts:138:28\n\n  135     throw new UnauthorizedError('Vous ne pouvez supprimer que votre propre compte');\n  136 }\n  137 \n→ 138 return prisma.visiteur.delete(\nForeign key constraint violated on the fields: (`idVisiteur`)","timestamp":"2026-03-28 13:28:16"}
{"level":"error","message":"[PUT /api/visiteurs/account/15] UnauthorizedError: 401 - Vous ne pouvez modifier que votre propre compte","timestamp":"2026-03-28 13:29:04"}
{"level":"error","message":"Erreur Serveur : [DELETE /api/visiteurs/account/3] 500 - \nInvalid `prisma.visiteur.delete()` invocation in\n/app/src/services/visiteur.ts:138:28\n\n  135     throw new UnauthorizedError('Vous ne pouvez supprimer que votre propre compte');\n  136 }\n  137 \n→ 138 return prisma.visiteur.delete(\nForeign key constraint violated on the fields: (`idVisiteur`)","timestamp":"2026-03-28 13:30:14"}
{"level":"error","message":"[DELETE /api/visiteurs/28] UnauthorizedError: 401 - Vous ne pouvez supprimer que votre propre compte","timestamp":"2026-03-28 13:31:32"}
{"level":"error","message":"[GET /api/rapport/1] UnauthorizedError: 401 - Token d'authentification manquant","timestamp":"2026-03-28 16:15:27"}
{"level":"error","message":"[GET /api/medicament/AA] NotFoundError: 404 - Médicament non trouvé","timestamp":"2026-03-29 00:32:48"}
{"level":"error","message":"Erreur Serveur : [POST /api/offrir] 500 - \nInvalid `prisma.offrir.create()` invocation in\n/app/src/services/offrir.ts:60:26\n\n  57     throw new UnauthorizedError('Vous ne pouvez créer une offre que pour vos propres rapports');\n  58 }\n  59 \n→ 60 return prisma.offrir.create(\nUnique constraint failed on the constraint: `PRIMARY`","timestamp":"2026-03-29 00:46:49"}
{"level":"error","message":"[GET /api/offrir/7/DOLRIL7] UnauthorizedError: 401 - Vous n'avez pas accès à cette offre","timestamp":"2026-03-29 00:52:43"}
{"level":"error","message":"[GET /api/rapport/29] UnauthorizedError: 401 - Vous n'avez pas accès à ce rapport","timestamp":"2026-03-29 01:13:57"}
{"level":"error","message":"Erreur Serveur : [DELETE /api/rapport/28] 500 - \nInvalid `prisma.rapport.delete()` invocation in\n/app/src/services/rapport.ts:98:27\n\n  95     throw new UnauthorizedError('Vous ne pouvez supprimer que vos propres rapports');\n  96 }\n  97 \n→ 98 return prisma.rapport.delete(\nForeign key constraint violated on the fields: (`idRapport`)","timestamp":"2026-03-29 01:18:07"}
{"level":"error","message":"[GET /api/offrir/4/DOLRIL7] NotFoundError: 404 - Offre non trouvée","timestamp":"2026-03-29 03:37:30"}
{"level":"error","message":"[GET /api/rapport/8] UnauthorizedError: 401 - Vous n'avez pas accès à ce rapport","timestamp":"2026-03-29 03:40:36"}
{"level":"error","message":"[DELETE /api/rapport/5] UnauthorizedError: 401 - Vous ne pouvez supprimer que vos propres rapports","timestamp":"2026-03-29 03:41:43"}
{"level":"error","message":"Erreur Serveur : [GET /api/visiteurs/account] 500 - \nInvalid `prisma.visiteur.findUnique()` invocation in\n/app/src/services/visiteur.ts:47:28\n\n  44 \n  45 // getVisiteurByID : renvoie un visiteur en fonction de son ID\n  46 export function getVisiteurByID (id: number) {\n→ 47     return prisma.visiteur.findUnique({\n           where: {\n         +   id: Int\n           },\n           select: {\n             id: true,\n             nom: true,\n             prenom: true,\n             login: true,\n             adresse: true,\n             cp: true,\n             ville: true,\n             dateembauche: true,\n             acesstoken: true,\n             rapport: true\n           }\n         })\n\nArgument `id` is missing.","timestamp":"2026-03-29 03:47:15"}
{"level":"error","message":"Erreur Serveur : [GET /api/visiteurs/account] 500 - \nInvalid `prisma.visiteur.findUnique()` invocation in\n/app/src/services/visiteur.ts:47:28\n\n  44 \n  45 // getVisiteurByID : renvoie un visiteur en fonction de son ID\n  46 export function getVisiteurByID (id: number) {\n→ 47     return prisma.visiteur.findUnique({\n           where: {\n         +   id: Int\n           },\n           select: {\n             id: true,\n             nom: true,\n             prenom: true,\n             login: true,\n             adresse: true,\n             cp: true,\n             ville: true,\n             dateembauche: true,\n             acesstoken: true,\n             rapport: true\n           }\n         })\n\nArgument `id` is missing.","timestamp":"2026-03-29 03:57:04"}
{"level":"error","message":"Erreur Serveur : [GET /api/visiteurs/account] 500 - \nInvalid `prisma.visiteur.findUnique()` invocation in\n/app/src/services/visiteur.ts:47:28\n\n  44 \n  45 // getVisiteurByID : renvoie un visiteur en fonction de son ID\n  46 export function getVisiteurByID (id: number) {\n→ 47     return prisma.visiteur.findUnique({\n           where: {\n         +   id: Int\n           },\n           select: {\n             id: true,\n             nom: true,\n             prenom: true,\n             login: true,\n             adresse: true,\n             cp: true,\n             ville: true,\n             dateembauche: true,\n             acesstoken: true,\n             rapport: true\n           }\n         })\n\nArgument `id` is missing.","timestamp":"2026-03-29 04:07:40"}
{"level":"error","message":"Erreur Serveur : [DELETE /api/visiteurs/account] 500 - \nInvalid `prisma.visiteur.delete()` invocation in\n/app/src/services/visiteur.ts:138:28\n\n  135     throw new UnauthorizedError('Vous ne pouvez supprimer que votre propre compte');\n  136 }\n  137 \n→ 138 return prisma.visiteur.delete(\nForeign key constraint violated on the fields: (`idVisiteur`)","timestamp":"2026-03-29 04:09:42"}
{"level":"error","message":"[POST /api/visiteurs/login] UnauthorizedError: 401 - Mot de passe incorrect","timestamp":"2026-03-29 04:20:33"}
{"level":"error","message":"[POST /api/visiteurs/login] UnauthorizedError: 401 - Mot de passe incorrect","timestamp":"2026-03-29 04:20:39"}
{"level":"error","message":"Erreur Serveur : [PUT /api/visiteurs/account] 500 - \nInvalid `prisma.visiteur.update()` invocation:\n\n\nThe provided value for the column is too long for the column's type. Column: cp","timestamp":"2026-03-29 04:26:27"}
{"level":"error","message":"Erreur Serveur : [DELETE /api/visiteurs/account] 500 - \nInvalid `prisma.visiteur.delete()` invocation:\n\n\nForeign key constraint violated on the fields: (`idVisiteur`)","timestamp":"2026-03-29 04:27:45"}
{"level":"error","message":"[POST /api/visiteurs/login] UnauthorizedError: 401 - Mot de passe incorrect","timestamp":"2026-03-29 04:37:16"}
{"level":"error","message":"[POST /api/visiteurs/login] UnauthorizedError: 401 - Mot de passe incorrect","timestamp":"2026-03-29 13:19:55"}
{"level":"error","message":"Erreur Serveur : [PUT /api/visiteurs/account] 500 - \nInvalid `prisma.visiteur.update()` invocation in\n/app/src/services/visiteur.ts:106:28\n\n  103     mdpToUpdate = await hashPassword(data.mdp);\n  104 }\n  105 \n→ 106 return prisma.visiteur.update(\nThe provided value for the column is too long for the column's type. Column: cp","timestamp":"2026-03-29 13:21:06"}
{"level":"error","message":"[POST /api/visiteurs/login] UnauthorizedError: 401 - Mot de passe incorrect","timestamp":"2026-03-29 13:22:17"}
{"level":"error","message":"[POST /api/visiteurs/login] UnauthorizedError: 401 - Mot de passe incorrect","timestamp":"2026-03-29 13:35:14"}
{"level":"error","message":"[POST /api/visiteurs/login] UnauthorizedError: 401 - Mot de passe incorrect","timestamp":"2026-03-29 13:36:10"}
{"level":"error","message":"[POST /api/visiteurs/login] UnauthorizedError: 401 - Mot de passe incorrect","timestamp":"2026-03-29 13:36:22"}
{"level":"error","message":"[POST /api/visiteurs/login] UnauthorizedError: 401 - Mot de passe incorrect","timestamp":"2026-03-29 13:43:42"}
{"level":"error","message":"[POST /api/visiteurs/login] UnauthorizedError: 401 - Mot de passe incorrect","timestamp":"2026-03-29 13:57:02"}
{"level":"error","message":"[GET /api/visiteurs/account] UnauthorizedError: 401 - Token d'authentification manquant","timestamp":"2026-03-29 17:53:01"}
{"level":"error","message":"[GET /api/visiteurs/account] UnauthorizedError: 401 - Token d'authentification manquant","timestamp":"2026-03-29 17:53:01"}
{"level":"error","message":"[GET /api/visiteurs/account] UnauthorizedError: 401 - Token d'authentification manquant","timestamp":"2026-03-29 17:53:02"}
{"level":"error","message":"[GET /api/visiteurs/account] UnauthorizedError: 401 - Token d'authentification manquant","timestamp":"2026-03-29 17:53:05"}
{"level":"error","message":"[GET /api/visiteurs/account] UnauthorizedError: 401 - Token d'authentification manquant","timestamp":"2026-03-29 17:53:40"}
{"level":"error","message":"[GET /api/visiteurs/account] UnauthorizedError: 401 - Token d'authentification manquant","timestamp":"2026-03-29 17:53:40"}
{"level":"error","message":"[GET /api/visiteurs/account] UnauthorizedError: 401 - Token d'authentification manquant","timestamp":"2026-03-29 17:55:08"}
{"level":"error","message":"[GET /api/visiteurs/account] UnauthorizedError: 401 - Token d'authentification manquant","timestamp":"2026-03-29 17:55:24"}
{"level":"error","message":"[GET /api/visiteurs/account] UnauthorizedError: 401 - Token d'authentification manquant","timestamp":"2026-03-29 17:55:24"}
{"level":"error","message":"[GET /api/visiteurs/account] UnauthorizedError: 401 - Token d'authentification manquant","timestamp":"2026-03-29 17:55:29"}
{"level":"error","message":"[GET /api/visiteurs/account] UnauthorizedError: 401 - Token d'authentification manquant","timestamp":"2026-03-29 17:58:55"}
{"level":"error","message":"[GET /api/visiteurs/account] UnauthorizedError: 401 - Token d'authentification manquant","timestamp":"2026-03-29 17:58:55"}
{"level":"error","message":"[GET /api/visiteurs/account] UnauthorizedError: 401 - Token d'authentification manquant","timestamp":"2026-03-29 18:00:40"}
{"level":"error","message":"[GET /api/visiteurs/account] UnauthorizedError: 401 - Token d'authentification manquant","timestamp":"2026-03-29 18:00:41"}
{"level":"error","message":"[GET /api/visiteurs/account] UnauthorizedError: 401 - Token d'authentification manquant","timestamp":"2026-03-29 18:00:41"}
{"level":"error","message":"[GET /api/visiteurs/account] UnauthorizedError: 401 - Token d'authentification manquant","timestamp":"2026-03-29 18:00:41"}
{"level":"error","message":"[GET /api/visiteurs/account] UnauthorizedError: 401 - Token d'authentification manquant","timestamp":"2026-03-29 18:00:41"}
{"level":"error","message":"[GET /api/visiteurs/account] UnauthorizedError: 401 - Token d'authentification manquant","timestamp":"2026-03-29 18:01:25"}
{"level":"error","message":"[GET /api/visiteurs/account] UnauthorizedError: 401 - Token d'authentification manquant","timestamp":"2026-03-29 18:02:31"}
{"level":"error","message":"[GET /api/visiteurs/account] UnauthorizedError: 401 - Token d'authentification manquant","timestamp":"2026-03-29 18:02:32"}
{"level":"error","message":"[GET /api/visiteurs/account] UnauthorizedError: 401 - Token d'authentification manquant","timestamp":"2026-03-29 18:02:33"}
{"level":"error","message":"[GET /api/visiteurs/account] UnauthorizedError: 401 - Token d'authentification manquant","timestamp":"2026-03-29 18:02:37"}
{"level":"error","message":"[GET /api/visiteurs/account] UnauthorizedError: 401 - Token d'authentification manquant","timestamp":"2026-03-29 20:13:07"}
{"level":"error","message":"[GET /api/visiteurs/account] UnauthorizedError: 401 - Token d'authentification manquant","timestamp":"2026-03-29 20:13:07"}
{"level":"error","message":"[GET /api/visiteurs/account] UnauthorizedError: 401 - Token d'authentification manquant","timestamp":"2026-03-29 20:13:10"}
{"level":"error","message":"[GET /api/visiteurs/account] UnauthorizedError: 401 - Token d'authentification manquant","timestamp":"2026-03-29 20:19:54"}
{"level":"error","message":"[GET /api/visiteurs/account] UnauthorizedError: 401 - Token d'authentification manquant","timestamp":"2026-03-29 20:19:54"}
{"level":"error","message":"[GET /api/visiteurs/account] UnauthorizedError: 401 - Token d'authentification manquant","timestamp":"2026-03-29 20:19:55"}
{"level":"error","message":"[POST /api/visiteurs/login] UnauthorizedError: 401 - Mot de passe incorrect","timestamp":"2026-03-29 20:19:59"}
{"level":"error","message":"[POST /api/visiteurs/login] UnauthorizedError: 401 - Mot de passe incorrect","timestamp":"2026-03-29 20:20:05"}
{"level":"error","message":"[POST /api/visiteurs/login] UnauthorizedError: 401 - Mot de passe incorrect","timestamp":"2026-03-29 20:20:07"}
{"level":"error","message":"[POST /api/visiteurs/login] UnauthorizedError: 401 - Mot de passe incorrect","timestamp":"2026-03-29 20:20:07"}
{"level":"error","message":"[POST /api/visiteurs/login] UnauthorizedError: 401 - Mot de passe incorrect","timestamp":"2026-03-29 20:20:17"}
{"level":"error","message":"[POST /api/visiteurs/login] UnauthorizedError: 401 - Mot de passe incorrect","timestamp":"2026-03-29 20:20:18"}
{"level":"error","message":"[POST /api/visiteurs/login] UnauthorizedError: 401 - Mot de passe incorrect","timestamp":"2026-03-29 20:20:21"}
{"level":"error","message":"[GET /api/visiteurs/account] UnauthorizedError: 401 - Token d'authentification manquant","timestamp":"2026-03-29 21:03:20"}
{"level":"error","message":"[GET /api/visiteurs/account] UnauthorizedError: 401 - Token d'authentification manquant","timestamp":"2026-03-29 21:03:20"}
{"level":"error","message":"[GET /api/visiteurs/account] UnauthorizedError: 401 - Token d'authentification manquant","timestamp":"2026-03-29 21:03:20"}
{"level":"error","message":"[GET /api/visiteurs/account] UnauthorizedError: 401 - Token d'authentification manquant","timestamp":"2026-03-29 21:03:24"}
{"level":"error","message":"[GET /api/visiteurs/account] UnauthorizedError: 401 - Token d'authentification manquant","timestamp":"2026-03-29 21:05:23"}
{"level":"error","message":"[GET /api/visiteurs/account] UnauthorizedError: 401 - Token d'authentification manquant","timestamp":"2026-03-29 21:05:23"}
{"level":"error","message":"[GET /api/visiteurs/account] UnauthorizedError: 401 - Token d'authentification manquant","timestamp":"2026-03-29 21:05:23"}
{"level":"error","message":"[GET /api/visiteurs/account] UnauthorizedError: 401 - Token d'authentification manquant","timestamp":"2026-03-29 21:05:24"}
{"level":"error","message":"[GET /api/visiteurs/account] UnauthorizedError: 401 - Token d'authentification manquant","timestamp":"2026-03-29 21:05:35"}
{"level":"error","message":"[GET /api/visiteurs/account] UnauthorizedError: 401 - Token d'authentification manquant","timestamp":"2026-03-29 21:05:35"}
{"level":"error","message":"[GET /api/visiteurs/account] UnauthorizedError: 401 - Token d'authentification manquant","timestamp":"2026-03-29 21:05:35"}
{"level":"error","message":"[GET /api/visiteurs/account] UnauthorizedError: 401 - Token d'authentification manquant","timestamp":"2026-03-29 21:05:36"}
{"level":"error","message":"[GET /api/visiteurs/account] UnauthorizedError: 401 - Token d'authentification manquant","timestamp":"2026-03-29 21:05:43"}
{"level":"error","message":"[GET /api/visiteurs/account] UnauthorizedError: 401 - Token d'authentification manquant","timestamp":"2026-03-29 21:05:43"}
{"level":"error","message":"[GET /api/visiteurs/account] UnauthorizedError: 401 - Token d'authentification manquant","timestamp":"2026-03-29 21:05:56"}
{"level":"error","message":"[GET /api/visiteurs/account] UnauthorizedError: 401 - Token d'authentification manquant","timestamp":"2026-03-29 21:27:47"}
{"level":"error","message":"[GET /api/visiteurs/account] UnauthorizedError: 401 - Token d'authentification manquant","timestamp":"2026-03-29 21:27:47"}
{"level":"error","message":"[GET /api/visiteurs/account] UnauthorizedError: 401 - Token d'authentification manquant","timestamp":"2026-03-29 21:27:47"}
{"level":"error","message":"[GET /api/visiteurs/account] UnauthorizedError: 401 - Token d'authentification manquant","timestamp":"2026-03-29 21:27:48"}
{"level":"error","message":"[GET /api/visiteurs/account] UnauthorizedError: 401 - Token d'authentification manquant","timestamp":"2026-03-29 21:56:43"}
{"level":"error","message":"[GET /api/visiteurs/account] UnauthorizedError: 401 - Token d'authentification manquant","timestamp":"2026-03-29 21:56:43"}
{"level":"error","message":"[GET /api/medecin/4] UnauthorizedError: 401 - Token d'authentification manquant","timestamp":"2026-03-29 21:56:43"}
{"level":"error","message":"[GET /api/visiteurs/account] UnauthorizedError: 401 - Token d'authentification manquant","timestamp":"2026-03-29 21:56:46"}
